         w __deregister_frame_info
         w __register_frame_info
         w userAppExit
         w userAppInit
00000000 b .LANCHOR0
00000000 a shift
00000000 a shift
00000000 00000004 b stbi__g_failure_reason
00000000 b _TLS_MODULE_BASE_
00000004 00000004 b stbi__vertically_flip_on_load_local
00000008 00000004 b stbi__vertically_flip_on_load_set
0000000c 00000401 B __ctru_dev_path_buf
00000410 00000802 B __ctru_dev_utf16_buf
00100000 A __start__
00100000 T _start
00100008 T __service_ptr
0010000c T __apt_appid
00100010 T __heap_size
00100014 T __linear_heap_size
00100018 T __system_arglist
0010001c T __system_runflags
00100020 t startup
00100058 t ClearMem
0010006c t ClrLoop
00100094 T _init
001000ac T _III_imdct_l
001000ac T III_imdct_l
001002e0 t loop
00100374 t imdct36_long_karray
001005e4 t imdct_l_windowing
001005f8 t normal_block_x0_to_x17
0010074c t normal_block_x18_to_x35
00100888 t stop_block_x0_to_x17
00100934 t start_block_x18_to_x35
00100a10 T __aeabi_uidiv
00100a10 000001ec T __udivsi3
00100a10 t .udivsi3_skip_div0_test
00100bfc 00000020 T __aeabi_uidivmod
00100c1c T __aeabi_idiv
00100c1c 00000220 T __divsi3
00100c24 t .divsi3_skip_div0_test
00100e3c 00000020 T __aeabi_idivmod
00100e5c 00000004 W __aeabi_idiv0
00100e5c 00000004 W __aeabi_ldiv0
00100e60 T __aeabi_drsub
00100e68 000002b0 T __aeabi_dsub
00100e68 000002b0 T __subdf3
00100e6c 000002ac T __adddf3
00100e6c 000002ac T __aeabi_dadd
00101118 00000024 T __aeabi_ui2d
00101118 00000024 T __floatunsidf
0010113c 00000028 T __aeabi_i2d
0010113c 00000028 T __floatsidf
00101164 00000048 T __aeabi_f2d
00101164 00000048 T __extendsfdf2
001011ac 00000074 T __aeabi_ul2d
001011ac 00000074 T __floatundidf
001011c0 00000060 T __aeabi_l2d
001011c0 00000060 T __floatdidf
00101220 T __aeabi_ldivmod
001012f4 T __aeabi_uldivmod
00101348 00000390 T strcmp
001016d0 t __do_global_dtors_aux
00101710 t frame_dummy
0010173c 00000170 T specbuf_get_buffer
001018ac 00000054 T glPlotPixel
00101900 00000144 T glDrawText
00101a44 00000024 T glopEndList
00101a68 00000024 T glopNextBuffer
00101a8c 0000007c T glopCallList
00101b08 00000010 T gl_get_context
00101b18 000000bc T gl_print_op
00101bd4 000000a8 T gl_compile_op
00101c7c 0000007c T gl_add_op
00101cf8 0000010c T glNewList
00101e04 00000068 T glEndList
00101e6c 000000c0 T glGenLists
00101f2c 00000064 T gl_fatal_error
00101f90 00000050 T alloc_texture
00101fe0 0000003c T glInitTextures
0010201c 00000078 T glGenTextures
00102094 000000b4 T glopBindTexture
00102148 00000120 T glopTexImage2D
00102268 00000050 T glopTexEnv
001022b8 0000005c T glopTexParameter
00102314 00000024 T glopPixelStore
00102338 00000038 T initGL
00102370 000000a8 T basicGLConfig
00102418 000000e0 T createModelDisplayList
001024f8 00000018 T swapGL
00102510 00000008 T clearGL
00102518 000000d0 T loadRGBTexture
001025e8 0000049c T glInit
00102a84 0000019c T glopMaterial
00102c20 00000014 T glopColorMaterial
00102c38 00000274 T glopLight
00102eac 00000090 T glopLightModel
00102f3c 0000008c T gl_enable_disable_light
00102fc8 0000046c T gl_shade_vertex
00103434 00000174 T glopArrayElement
001035a8 00000014 T glopEnableClientState
001035bc 00000014 T glopDisableClientState
001035d0 00000018 T glopVertexPointer
001035e8 00000018 T glopColorPointer
00103600 00000010 T glopNormalPointer
00103610 00000018 T glopTexCoordPointer
00103628 0000002c T glopNormal
00103654 0000002c T glopTexCoord
00103680 0000000c T glopEdgeFlag
0010368c 00000094 T glopColor
00103720 00000094 T gl_eval_viewport
001037b4 000001d4 T glopBegin
00103988 0000068c T glopVertex
00104014 000000bc T glopEnd
001040d0 0000004c T gl_M4_Id
0010411c 00000068 T gl_M4_IsId
00104184 0000006c T gl_M4_Mul
001041f0 000000a0 T gl_M4_MulLeft
00104290 0000003c T gl_M4_Move
001042cc 000000b8 T gl_M4_MulV4
00104384 00000088 T gl_M4_Transpose
0010440c 00000264 T Matrix_Inv
00104670 00000058 T gl_M4_Inv
001046c8 000000d8 T gl_M4_Rotate
001047a0 00000084 T gl_V3_Norm
00104824 0000000c T gl_V3_New
00104830 0000000c T gl_V4_New
0010483c 00000090 t interpolate
001048cc 00000074 t clip_xmin
00104940 0000006c t clip_xmax
001049ac 00000074 t clip_ymin
00104a20 0000006c t clip_ymax
00104a8c 00000074 t clip_zmin
00104b00 0000006c t clip_zmax
00104b6c 00000118 T gl_transform_to_viewport
00104c88 000001cc t updateTmp
00104e54 00000038 T gl_draw_point
00104e8c 000003a8 T gl_draw_line
00105234 00000120 T gl_draw_triangle
00105354 00000238 t gl_draw_triangle_clip
0010558c 0000003c T gl_draw_triangle_select
001055c8 00000078 T gl_draw_triangle_fill
00105640 000000ec T gl_draw_triangle_line
0010572c 00000064 T gl_draw_triangle_point
00105790 00000034 T glVertex3f
001057c4 0000002c T glNormal3f
001057f0 0000007c T glColor3f
0010586c 00000038 T glTexCoord2f
001058a4 00000050 T glShadeModel
001058f4 00000060 T glCullFace
00105954 00000030 T glEnable
00105984 00000030 T glDisable
001059b4 00000028 T glBegin
001059dc 00000020 T glEnd
001059fc 00000028 T glMatrixMode
00105a24 00000054 T glLoadMatrixf
00105a78 00000020 T glLoadIdentity
00105a98 00000020 T glPushMatrix
00105ab8 00000020 T glPopMatrix
00105ad8 0000002c T glTranslatef
00105b04 00000030 T glViewport
00105b34 0000002c T glColorMaterial
00105b60 00000040 T glLightModeli
00105ba0 00000028 T glClear
00105bc8 00000030 T glClearColor
00105bf8 00000028 T glClearDepth
00105c20 00000058 T glTexImage2D
00105c78 0000002c T glBindTexture
00105ca4 00000044 T glTexParameteri
00105ce8 00000028 T glCallList
00105d10 0000002c T glHint
00105d3c 00000030 T glPolygonStipple
00105d6c 000000f8 T glopViewport
00105e64 00000188 T glopEnableDisable
00105fec 0000000c T glopShadeModel
00105ff8 0000000c T glopCullFace
00106004 0000000c T glopFrontFace
00106010 0000006c T glopPolygonMode
0010607c 00000004 T glopHint
00106080 0000001c T glopPolygonOffset
0010609c 00000004 T gl_free
001060a0 00000004 T gl_malloc
001060a4 0000000c T gl_zalloc
001060b0 00000010 t stbi__stdio_eof
001060c0 00000054 t stbi__skip
00106114 0000044c t stbi__idct_block
00106560 00000008 t resample_row_1
00106568 00000044 t stbi__resample_row_v_2
001065ac 000000a8 t stbi__resample_row_hv_2
00106654 00000050 t stbi__resample_row_generic
001066a4 000000f4 t stbi__YCbCr_to_RGB_row
00106798 00000068 t stbi__bitreverse16
00106800 00000050 t stbi__high_bit
00106850 00000114 t stbi__out_gif_code
00106964 000000a0 t stbi__getn
00106a04 000000b4 t stbi__vertical_flip
00106ab8 00000008 t stbi__stdio_skip
00106ac0 00000010 t stbi__stdio_read
00106ad0 00000184 t stbi__build_huffman
00106c54 00000060 t stbi__malloc_mad2
00106cb4 00000530 t stbi__convert_format16
001071e8 00000114 t stbi__hdr_convert
001072fc 00000080 t stbi__mad3sizes_valid
0010737c 00000078 t stbi__get8
001073f4 00000080 t stbi__grow_buffer_unsafe
00107474 00000134 t stbi__jpeg_huff_decode
001075a8 00000094 t stbi__extend_receive
0010763c 000001c8 t stbi__jpeg_decode_block
00107804 000000cc t stbi__resample_row_h_2
001078d0 0000008c t stbi__shiftsigned
0010795c 00000068 t stbi__fill_bits
001079c4 00000124 t stbi__zhuffman_decode
00107ae8 00000214 t stbi__zbuild_huffman
00107cfc 00000064 t stb__sbgrowf.constprop.0
00107d60 00000088 t stbi__free_jpeg_components.constprop.0
00107de8 00000074 t stbi__mad4sizes_valid.constprop.0
00107e5c 00000074 t stbi__start_callbacks
00107ed0 000000e4 t stbi__jpeg_decode_block_prog_dc.part.0
00107fb4 00000cbc t stbi__parse_entropy_coded_data
00108c70 0000012c t stbi__pnm_skip_whitespace
00108d9c 00000040 t stbi__get32le
00108ddc 00000044 t stbi__get32be
00108e20 00000080 t stbi__malloc_mad3
00108ea0 00001050 t stbi__create_png_image_raw
00109ef0 00000538 t stbi__convert_format
0010a428 000002ec t stbi__compute_huffman_codes
0010a714 000006f4 t stbi__parse_zlib
0010ae08 000000ec t stbi__hdr_test
0010aef4 00000238 t stbi__pnm_info
0010b12c 00000178 t stbi__gif_parse_colortable
0010b2a4 00000158 t stbi__hdr_gettoken
0010b3fc 000005f0 t stbi__hdr_load.constprop.0
0010b9ec 000000fc t stbi__get16be
0010bae8 00000520 t stbi__process_marker
0010c008 0000067c t stbi__decode_jpeg_header
0010c684 000000f4 t stbi__get16le
0010c778 00000380 t stbi__bmp_parse_header.part.0
0010caf8 00000b28 t stbi__bmp_load.constprop.0
0010d620 000000e0 t stbi__gif_test_raw
0010d700 000001a8 t stbi__gif_header
0010d8a8 00000754 t stbi__gif_load_next.constprop.0
0010dffc 000000e0 t stbi__gif_load.constprop.0
0010e0dc 000000ac T rotatev3
0010e188 00000064 T identitymat4
0010e1ec 00000240 T lookAt
0010e42c 000000a0 T stbi_zlib_decode_malloc_guesssize_headerflag
0010e4cc 000010d0 t stbi__parse_png_file
0010f59c 00002ff4 t stbi__load_main
00112590 00000164 t stbi__load_and_postprocess_8bit
001126f4 000000b4 T stbi_load
001127a8 0000003c T ainit
001127e4 00000048 T init
0011282c 00000070 T freeobjraw
0011289c 0000002c T freemodel
001128c8 00000390 T tobj_tomodel
00112c58 00000e28 T tobj_load
00113a80 0000027c T rotateCamera
00113cfc 000000c0 T initFluid
00113dbc 00000054 T myscandir
00113e10 000008d0 T main
001146e0 00000030 T glopClearColor
00114710 00000010 T glopClearDepth
00114720 00000064 T glopClear
00114784 000000f8 T ZB_open
0011487c 000001b0 T ZB_copyFrameBuffer
00114a2c 0000013c T ZB_clear
00114b68 00000154 T ZB_initDither
00114cbc 0000000c T tgl_warning
00114cc8 0000000c T tgl_trace
00114cd4 00000740 T ZB_fillTriangleFlat
00115414 00000b10 T ZB_fillTriangleSmooth
00115f24 00000008 T ZB_setTexture
00115f2c 00000d28 T ZB_fillTriangleMappingPerspective
00116c54 00000068 T ZB_plot
00116cbc 000008c4 T ZB_line_z
00117580 00000514 T ZB_line
00117a94 00000048 T gl_convertRGB_to_8A8R8G8B
00117adc 000000e4 T gl_resizeImageNoInterpolate
00117bc0 00000070 T glopMatrixMode
00117c30 00000058 T glopLoadMatrix
00117c88 00000030 T glopLoadIdentity
00117cb8 00000074 T glopMultMatrix
00117d2c 00000074 T glopPushMatrix
00117da0 00000058 T glopPopMatrix
00117df8 0000027c T glopRotate
00118074 000000bc T glopScale
00118130 000000c4 T glopTranslate
001181f4 0000010c T glopFrustum
00118300 00000020 T glopInitNames
00118320 00000064 T glopPushName
00118384 00000058 T glopPopName
001183dc 0000005c T glopLoadName
00118438 000000c0 T gl_add_select
001184f8 00000024 t addrMapNodeComparator(rbtree_node const*, rbtree_node const*)
0011851c 00000004 t addrMapNodeDestructor(rbtree_node*)
00118520 00000120 T linearMemAlign
00118640 00000008 T linearAlloc
00118648 0000005c T linearFree
001186a4 00000084 T MemPool::CoalesceRight(MemBlock*)
00118728 00000170 T MemPool::Allocate(MemChunk&, unsigned long, int)
00118898 000000fc T MemPool::Deallocate(MemChunk const&)
00118994 00000008 t romfs_close
0011899c 000000c8 t romfs_seek
00118a64 00000024 t romfs_dirreset
00118a88 000000c8 t fill_dir
00118b50 000002b0 t romfs_dirnext
00118e00 00000084 t romfs_free
00118e84 000000d4 t searchForFile.constprop.0
00118f58 000000d8 t searchForDir.constprop.0
00119030 000001c0 t navigateToDir.constprop.0
001191f0 00000128 t romfs_open
00119318 0000004c t romfs_chdir
00119364 00000070 t romfs_diropen
001193d4 0000017c t romfs_stat
00119550 00000008 t romfs_dirclose
00119558 0000007c t romfs_fstat
001195d4 000000d4 t romfs_read
001196a8 00000290 T romfsMountFromFile
00119938 00000098 T romfsMountFromCurrentProcess
001199d0 0000025c T romfsMountSelf
00119c2c 00000178 T consoleDrawChar
00119da4 00000124 T consolePrintChar
00119ec8 00000a00 T con_write
0011a8c8 00000168 T consoleInit
0011aa30 000000f4 t newRow
0011ab24 000000d0 t gfxPresentFramebuffer
0011abf4 00000010 T gfxSet3D
0011ac04 0000001c T gfxIsWide
0011ac20 000000ec T gfxSetScreenFormat
0011ad0c 00000010 T gfxSetDoubleBuffering
0011ad1c 00000108 T gfxInit
0011ae24 00000010 T gfxInitDefault
0011ae34 000000b4 T gfxExit
0011aee8 000000a0 T gfxGetFramebuffer
0011af88 0000010c T gfxFlushBuffers
0011b094 00000030 T gfxScreenSwapBuffers
0011b0c4 00000050 T gfxSwapBuffers
0011b114 00000050 T gfxSwapBuffersGpu
0011b164 000000a4 t DSP_LoadComponent.part.0
0011b208 000000dc T dspInit
0011b2e4 00000078 T dspExit
0011b35c 00000024 T dspHook
0011b380 00000030 T dspUnhook
0011b3b0 000000ac T aptDspSleep
0011b45c 000000b4 T aptDspWakeup
0011b510 00000044 T aptDspCancel
0011b554 00000050 T DSP_FlushDataCache
0011b5a4 00000034 T DSP_SetSemaphore
0011b5d8 00000034 T DSP_SetSemaphoreMask
0011b60c 00000038 T DSP_GetSemaphoreHandle
0011b644 0000003c T DSP_LoadComponent
0011b680 00000044 T DSP_RegisterInterruptEvents
0011b6c4 00000074 T DSP_ReadPipeIfPossible
0011b738 0000004c T DSP_WriteProcessPipe
0011b784 00000040 T DSP_ConvertProcessAddressFromDspDram
0011b7c4 00000040 T DSP_RecvData
0011b804 0000004c T DSP_RecvDataIsReady
0011b850 00000c58 t gspHardwareInit
0011c4a8 00000254 T gspInit
0011c6fc 000000f0 T gspExit
0011c7ec 00000010 T gspHasGpuRight
0011c7fc 00000098 T gspPresentBuffer
0011c894 00000030 T gspSetEventCallback
0011c8c4 00000050 T gspWaitForEvent
0011c914 0000004c T gspWaitForAnyEvent
0011c960 00000160 t gspEventThreadMain
0011cac0 00000130 T gspSubmitGxCommand
0011cbf0 00000050 T GSPGPU_FlushDataCache
0011cc40 00000034 T GSPGPU_SetLcdForceBlack
0011cc74 00000068 T GSPGPU_AcquireRight
0011ccdc 00000048 T GSPGPU_ReleaseRight
0011cd24 0000007c T GSPGPU_ImportDisplayCaptureInfo
0011cda0 0000002c T GSPGPU_SaveVramSysArea
0011cdcc 0000002c T GSPGPU_RestoreVramSysArea
0011cdf8 000001b0 t aptConvertScreenForCapture
0011cfa8 0000015c T aptSendCommand
0011d104 00000038 t aptExitProcess
0011d13c 00000014 T aptIsActive
0011d150 000002f0 T aptExit
0011d440 000000d8 T aptHandleSleep
0011d518 00000030 T aptHook
0011d548 00000030 T aptUnhook
0011d578 00000084 T APT_SleepIfShellClosed
0011d5fc 00000084 T aptSetSleepAllowed
0011d680 00000084 T APT_UnlockTransition
0011d708 00000484 t aptEventHandler
0011db8c 000000b0 T APT_ReceiveParameter
0011dc3c 000000b0 t aptReceiveParameter.constprop.0
0011dcf0 000002bc t aptScreenTransfer
0011dfac 000002d0 t aptWaitForWakeUp.isra.0
0011e27c 000000f8 T aptJumpToHomeMenu
0011e374 0000004c T aptMainLoop
0011e3c0 00000234 T aptInit
0011e5f4 0000007c T APT_CheckNew3DS
0011e670 00000024 W hidShouldUseIrrst
0011e694 0000018c T hidInit
0011e820 000000e8 T hidExit
0011e908 00000294 T hidScanInput
0011eb9c 00000010 T hidKeysHeld
0011ebac 00000010 T hidKeysDown
0011ebbc 00000010 T hidKeysUp
0011ebcc 00000018 T hidTouchRead
0011ebe4 00000018 T hidCircleRead
0011ebfc 000000c8 T fsInit
0011ecc4 0000003c T fsExit
0011ed00 00000060 T fsExemptFromSession
0011ed60 00000050 T fsUnexemptFromSession
0011edb0 000000cc T FSUSER_OpenFile
0011ee7c 000000d4 T FSUSER_OpenFileDirectly
0011ef50 000000bc T FSUSER_DeleteFile
0011f00c 000000f8 T FSUSER_RenameFile
0011f104 000000bc T FSUSER_DeleteDirectory
0011f1c0 000000d4 T FSUSER_CreateFile
0011f294 000000c4 T FSUSER_CreateDirectory
0011f358 000000f8 T FSUSER_RenameDirectory
0011f450 000000b4 T FSUSER_OpenDirectory
0011f504 00000094 T FSUSER_OpenArchive
0011f598 0000008c T FSUSER_CloseArchive
0011f624 00000074 T FSUSER_GetSdmcArchiveResource
0011f698 00000064 T FSUSER_IsSdmcWritable
0011f6fc 00000058 T FSFILE_Read
0011f754 00000060 T FSFILE_Write
0011f7b4 00000038 T FSFILE_GetSize
0011f7ec 00000028 T FSFILE_SetSize
0011f814 0000003c T FSFILE_Close
0011f850 00000024 T FSFILE_Flush
0011f874 00000050 T FSDIR_Read
0011f8c4 0000003c T FSDIR_Close
0011f900 00000010 T rbtree_init
0011f910 000001a0 t do_insert
0011fab0 00000008 T rbtree_insert
0011fab8 00000090 T rbtree_rotate
0011fb48 00000338 T rbtree_remove
0011fe80 00000074 T rbtree_find
0011fef4 000000e8 T utf16_to_utf8
0011ffdc 00000064 T decode_utf16
00120040 000000c0 T utf8_to_utf16
00120100 000001e0 W __system_allocateHeaps
001202e0 00000038 W __libctru_init
00120318 000000f0 W __system_initArgv
00120408 T svcControlMemory
00120428 T svcQueryMemory
00120458 T svcExitProcess
00120460 T svcCreateThread
00120480 T svcExitThread
00120488 T svcSleepThread
00120490 T svcGetThreadPriority
001204a4 T svcReleaseMutex
001204ac T svcCreateEvent
001204c0 T svcSignalEvent
001204c8 T svcClearEvent
001204d0 T svcMapMemoryBlock
001204d8 T svcUnmapMemoryBlock
001204e0 T svcCreateAddressArbiter
001204f4 T svcArbitrateAddressNoTimeout
001204fc T svcCloseHandle
00120504 T svcWaitSynchronization
0012050c T svcWaitSynchronizationN
00120534 T svcDuplicateHandle
00120548 T svcGetSystemTick
00120550 T svcConnectToPort
00120564 T svcSendSyncRequest
0012056c T svcGetThreadId
00120580 T svcGetResourceLimit
00120594 T svcGetResourceLimitLimitValues
0012059c T svcGetResourceLimitCurrentValues
001205a4 T svcBreak
001205ac W initSystem
001205fc W __ctru_exit
00120614 T __aeabi_read_tp
00120620 00000024 t addrMapNodeComparator(rbtree_node const*, rbtree_node const*)
00120644 00000004 t addrMapNodeDestructor(rbtree_node*)
00120648 00000114 T vramMemAlign
0012075c 00000008 T vramAlloc
00120764 0000005c T vramFree
001207c0 0000000c T __sync_init
001207cc 00000018 T __sync_fini
001207e4 0000002c T syncArbitrateAddress
00120810 0000001c T LightLock_Init
0012082c 00000094 T LightLock_Lock
001208c0 00000044 T LightLock_TryLock
00120904 00000040 T LightLock_Unlock
00120944 00000024 T RecursiveLock_Init
00120968 00000030 T RecursiveLock_Lock
00120998 00000078 T RecursiveLock_TryLock
00120a10 00000054 T RecursiveLock_Unlock
00120a64 0000000c T CondVar_Init
00120a70 00000084 T CondVar_Wait
00120af4 00000088 T CondVar_WakeUp
00120b7c 00000040 T LightEvent_Init
00120bbc 000000a4 T LightEvent_Clear
00120c60 000000c8 T LightEvent_Signal
00120d28 00000058 T LightEvent_TryWait
00120d80 000000b0 T LightEvent_Wait
00120e30 00000014 T LightSemaphore_Init
00120e44 00000094 T LightSemaphore_Acquire
00120ed8 00000064 T LightSemaphore_Release
00120f3c 00000084 W envGetHandle
00120fc0 00000050 W envDestroyHandles
00121010 00000074 T osConvertVirtToPhys
00121084 00000054 T osGetTimeRef
001210d8 000000e4 T osGetTime
001211bc 00000074 T __libctru_gtod
00121230 00000034 T __ctru_speedup_config
00121264 00000124 T srvInit
00121388 00000058 T srvExit
001213e0 00000080 T srvGetServiceHandleDirect
00121460 00000048 T srvGetServiceHandle
001214a8 00000038 T srvPublishToSubscriber
001214e0 00000188 T threadCreate
00121668 00000024 T threadGetHandle
0012168c 0000002c T threadFree
001216b8 00000024 T threadJoin
001216dc 00000030 T threadGetCurrent
0012170c 00000040 T threadExit
0012174c 00000044 t _thread_begin
00121790 00000094 t mappableFindAddressWithin
00121824 00000028 T mappableInit
0012184c 00000080 T mappableAlloc
001218cc 00000004 T mappableFree
001218d0 00000160 T irrstInit
00121a30 000000cc T irrstExit
00121afc 000000b0 T irrstScanInput
00121bac 00000024 T irrstKeysHeld
00121bd0 00000018 T irrstCstickRead
00121be8 0000000c T srvPmGetSessionHandle
00121bf4 00000074 T ptmSysmInit
00121c68 0000003c T ptmSysmExit
00121ca4 00000034 T PTMSYSM_ConfigureNew3DSCPU
00121cd8 00000050 T rbtree_node_next
00121d28 00000060 T encode_utf16
00121d88 000000fc T encode_utf8
00121e84 0000013c T decode_utf8
00121fc0 00000030 W __appInit
00121ff0 00000030 t __libctru_nanosleep
00122020 00000030 t __libctru_get_reent
00122050 000000f8 T __system_initSyscalls
00122148 00000030 W __appExit
00122178 00000090 W __libctru_exit
00122208 00000014 t archive_link
0012221c 00000014 t archive_dirreset
00122230 00000014 t archive_chmod
00122244 00000024 t error_cmp
00122268 00000050 t archive_translate_error
001222b8 000000d4 t archive_seek
0012238c 0000007c t _archiveInit.part.0
00122408 0000008c t archiveFindDevice.part.0
00122494 00000294 t archive_utf16path
00122728 000000a0 t _archiveUnmountDeviceStruct.part.0
001227c8 00000014 t archive_fchmod
001227dc 00000014 t archive_statvfs
001227f0 00000158 t _archiveMountDevice
00122948 000000e8 t archive_diropen
00122a30 000000a4 t archive_fstat
00122ad4 0000006c t archive_close
00122b40 0000006c t archive_fsync
00122bac 00000070 t archive_dirclose
00122c1c 000000e8 t sdmc_statvfs
00122d04 00000080 t archive_ftruncate
00122d84 000000fc t archive_chdir
00122e80 000000b0 t archive_read
00122f30 000000ac t archive_unlink
00122fdc 000000c8 t archive_rmdir
001230a4 000000ec t archive_mkdir
00123190 000001a8 t archive_stat
00123338 00000184 t archive_rename
001234bc 00000168 t archive_dirnext
00123624 0000012c t archive_write
00123750 000001f0 t archive_open
00123940 000001a4 T archiveMountSdmc
00123ae4 00000054 T archiveUnmountAll
00123b38 0000022c T cosf
00123d64 00000024 t with_errnof
00123d88 0000001c T __math_invalidf
00123da8 000006f8 T pow
001244a0 000000c0 T cos
00124560 00000164 T floor
001246c8 00000274 T sinf
0012493c 0000008c T ldexp
001249c8 00000138 T scalbn
00124b00 000000c8 T sin
00124bc8 00000070 T sqrtf
00124c38 00000074 T sqrt
00124cac 00000008 T __ieee754_sqrtf
00124cb8 00000328 T __ieee754_rem_pio2
00124fe0 00000008 T __ieee754_sqrt
00124fe8 00000158 T __kernel_cos
00125140 0000088c T __kernel_rem_pio2
001259d0 000000c0 T __kernel_sin
00125a90 00000024 t with_errno
00125ab4 00000028 t xflow
00125ae0 00000010 T __math_uflow
00125af0 00000010 T __math_oflow
00125b00 00000050 T __math_divzero
00125b50 0000001c T __math_invalid
00125b6c 00000014 T __math_check_uflow
00125b80 00000028 T __math_check_oflow
00125ba8 00000014 T fabs
00125bbc 00000020 T finite
00125bdc 00000158 T SDL_InitSubSystem
00125d34 00000040 T SDL_Init
00125d74 0000009c T SDL_QuitSubSystem
00125e10 00000018 T SDL_Quit
00125e28 00000208 T SDL_SetError
00126030 000002e8 T SDL_GetErrorMsg
00126318 00000010 T SDL_GetError
00126328 00000014 T SDL_ClearError
0012633c 00000058 T SDL_Error
00126394 00000020 t SDL_Parachute
001263b4 0000004c T SDL_InstallParachute
00126400 00000050 T SDL_UninstallParachute
00126450 00000030 t SDL_LockAudio_Default
00126480 00000030 t SDL_UnlockAudio_Default
001264b0 0000019c T SDL_RunAudio
0012664c 000004cc T SDL_OpenAudio
00126b18 00000018 T SDL_PauseAudio
00126b30 00000024 T SDL_LockAudio
00126b54 00000024 T SDL_UnlockAudio
00126b78 00000008 T SDL_CloseAudio
00126b80 000000ac T SDL_AudioQuit
00126c2c 00000104 T SDL_AudioInit
00126d30 000000a8 T SDL_FirstAudioFormat
00126dd8 00000054 T SDL_NextAudioFormat
00126e2c 00000034 T SDL_CalculateAudioSpec
00126e60 0000027c T SDL_ConvertMono
001270dc 00000290 T SDL_ConvertStrip
0012736c 00000294 T SDL_ConvertStrip_2
00127600 000000a0 T SDL_ConvertStereo
001276a0 00000414 T SDL_ConvertSurround
00127ab4 0000038c T SDL_ConvertSurround_4
00127e40 00000070 T SDL_Convert16LSB
00127eb0 00000080 T SDL_Convert16MSB
00127f30 0000008c T SDL_Convert8
00127fbc 000000a4 T SDL_ConvertSign
00128060 00000064 T SDL_ConvertEndian
001280c4 000000c8 T SDL_RateMUL2
0012818c 00000110 T SDL_RateMUL2_c2
0012829c 00000178 T SDL_RateMUL2_c4
00128414 000001e0 T SDL_RateMUL2_c6
001285f4 000000e8 T SDL_RateDIV2
001286dc 000000f4 T SDL_RateDIV2_c2
001287d0 0000011c T SDL_RateDIV2_c4
001288ec 00000158 T SDL_RateDIV2_c6
00128a44 00000058 T SDL_ConvertAudio
00128aa0 000005e0 T SDL_BuildAudioCVT
00129080 0000004c t stdio_write
001290cc 0000004c t stdio_read
00129118 00000034 t stdio_seek
0012914c 00000034 t stdio_close
00129180 000000bc T SDL_RWFromFile
0012923c 00000004 T SDL_FreeRW
00129240 00000030 T SDL_ReadBE16
00129270 00000028 T SDL_ReadLE32
00129298 0000002c T SDL_ReadBE32
001292c4 000000b8 t SDL_DelThread.part.0
0012937c 0000009c T SDL_GetErrBuf
00129418 0000003c T SDL_RunThread
00129454 00000184 T SDL_CreateThread
001295d8 0000004c T SDL_WaitThread
00129624 00000004 t callback_wrapper
00129628 0000008c t SDL_AddTimerInternal
001296b4 00000044 T SDL_SetTimerThreaded
001296f8 0000013c T SDL_ThreadedTimerCheck
00129834 00000154 T SDL_SetTimer
00129988 00000068 T SDL_TimerQuit
001299f0 00000098 T SDL_TimerInit
00129a88 00000090 t SDL_WM_GrabInputRaw
00129b18 00000118 T SDL_VideoQuit
00129c30 0000021c T SDL_VideoInit
00129e4c 000000c0 t SDL_JoystickClose.part.0
00129f0c 00000068 T SDL_JoystickInit
00129f74 000000a0 T SDL_JoystickQuit
0012a014 0000009c T SDL_PrivateJoystickAxis
0012a0b0 000000ac T SDL_PrivateJoystickButton
0012a15c 0000003c T SDL_JoystickUpdate
0012a198 00000018 T SDL_StartTicks
0012a1b0 00000068 T SDL_GetTicks
0012a218 00000010 T SDL_Delay
0012a228 00000008 T SDL_SYS_TimerInit
0012a230 00000004 T SDL_SYS_TimerQuit
0012a234 00000018 T SDL_SYS_StartTimer
0012a24c 00000004 T SDL_SYS_StopTimer
0012a250 00000008 t N3DSAUD_Available
0012a258 0000000c t N3DSAUD_GetAudioBuf
0012a264 00000138 t N3DSAUD_CreateDevice
0012a39c 0000005c t N3DSAUD_DeleteDevice
0012a3f8 0000000c t N3DSAUD_UnlockAudio
0012a404 0000000c t N3DSAUD_LockAudio
0012a410 000000c4 t N3DSAUD_CloseAudio
0012a4d4 00000074 t audioFrameFinished
0012a548 000000a8 t N3DSAUD_PlayAudio
0012a5f0 00000078 t N3DSAUD_WaitAudio
0012a668 00000268 t N3DSAUD_OpenAudio
0012a8d0 0000005c t N3DSAUD_DspHook
0012a92c 00000014 T SDL_SYS_JoystickInit
0012a940 00000514 T SDL_SYS_JoystickUpdate
0012ae54 00000004 T SDL_SYS_JoystickClose
0012ae58 00000004 T SDL_SYS_JoystickQuit
0012ae5c 00000028 T SDL_CreateMutex
0012ae84 0000000c T SDL_DestroyMutex
0012ae90 0000002c T SDL_mutexP
0012aebc 0000002c T SDL_mutexV
0012aee8 00000034 T SDL_CreateSemaphore
0012af1c 0000000c T SDL_DestroySemaphore
0012af28 00000030 T SDL_SemWait
0012af58 00000014 T SDL_SemPost
0012af6c 00000004 T ThreadEntry
0012af70 000000b0 T SDL_SYS_CreateThread
0012b020 00000004 T SDL_SYS_SetupThread
0012b024 00000038 T SDL_ThreadID
0012b05c 00000010 T SDL_SYS_WaitThread
0012b06c 00000008 t N3DS_Available
0012b074 00000008 t N3DS_ListModes
0012b07c 00000008 t N3DS_AllocHWSurface
0012b084 00000008 t N3DS_LockHWSurface
0012b08c 00000004 t N3DS_UnlockHWSurface
0012b090 00000064 t N3DS_SetColors
0012b0f4 00000110 t N3DS_CreateDevice
0012b204 00000024 t N3DS_DeleteDevice
0012b228 00000048 t N3DS_VideoInit
0012b270 00000174 t N3DS_FlipHWSurface.part.0
0012b270 00000174 t N3DS_UpdateRects.part.0
0012b3e4 00000024 t N3DS_FlipHWSurface
0012b408 00000020 t N3DS_UpdateRects
0012b428 00000004 t N3DS_FreeHWSurface
0012b42c 000000ec t N3DS_VideoQuit
0012b518 000000ac T N3DS_SetScaling
0012b5c4 0000089c t N3DS_SetVideoMode
0012be60 0000003c T N3DS_ToggleFullScreen
0012be9c 00000114 T drawTexture
0012bfb0 000002dc t videoThread
0012c28c 000000ec t SDL_GobbleEvents
0012c378 00000064 T SDL_Lock_EventThread
0012c3dc 00000044 T SDL_Unlock_EventThread
0012c420 00000078 T SDL_StopEventLoop
0012c498 00000120 T SDL_StartEventLoop
0012c5b8 0000021c T SDL_PeepEvents
0012c7d4 00000028 T SDL_PushEvent
0012c7fc 00000b98 T SDL_KeyboardInit
0012d394 00000004 T SDL_KeyboardQuit
0012d398 0000008c T SDL_CheckKeyRepeat
0012d424 00000078 t ClipOffset
0012d49c 00000060 T SDL_MouseInit
0012d4fc 00000004 T SDL_MouseQuit
0012d500 00000038 T SDL_GetMouseState
0012d538 000001c4 T SDL_PrivateMouseMotion
0012d6fc 00000210 T SDL_PrivateMouseButton
0012d90c 00000070 t SDL_HandleSIG
0012d97c 00000048 T SDL_QuitInit
0012d9c4 00000050 T SDL_QuitQuit
0012da14 000000d0 T SDL_MouseRect
0012dae4 000006d8 T SDL_DrawCursorNoLock
0012e1bc 000000c0 T SDL_DrawCursor
0012e27c 00000188 T SDL_EraseCursorNoLock
0012e404 000000c0 T SDL_EraseCursor
0012e4c4 000001d0 T SDL_SetCursor
0012e694 000000a8 T SDL_FreeCursor
0012e73c 00000098 T SDL_CursorQuit
0012e7d4 000001b0 T SDL_CreateCursor
0012e984 00000090 T SDL_CursorInit
0012ea14 000000b8 T SDL_MoveCursor
0012eacc 00000054 T SDL_FormatChanged
0012eb20 00000040 T SDL_FreeFormat
0012eb60 000004e0 T SDL_AllocFormat
0012f040 00000100 T SDL_ReallocFormat
0012f140 00000054 T SDL_CalculatePitch
0012f194 0000007c T SDL_FindColor
0012f210 00000064 T SDL_MapRGB
0012f274 0000005c T SDL_AllocBlitMap
0012f2d0 00000038 T SDL_FreeBlitMap
0012f308 00000094 T SDL_LockSurface
0012f39c 00000064 T SDL_UnlockSurface
0012f400 00000480 T SDL_FillRect
0012f880 00000150 T SDL_FreeSurface
0012f9d0 00000294 T SDL_CreateRGBSurface
0012fc64 00000190 T N3DS_PumpEvents
0012fdf4 00000004 T N3DS_InitOSKeymap
0012fdf8 00000018 T SDL_AppActiveInit
0012fe10 00000004 T SDL_AppActiveQuit
0012fe14 00000104 t copy_opaque_16
0012ff18 00000120 t uncopy_opaque_16
00130038 000000fc t copy_transl_565
00130134 000000fc t copy_transl_555
00130230 00000124 t uncopy_transl_16
00130354 000000dc t copy_32
00130430 00000110 t uncopy_32
00130540 00000008 t getpix_8
00130548 00000008 t getpix_16
00130550 00000018 t getpix_24
00130568 00000008 t getpix_32
00130570 000023ec T SDL_RLEBlit
0013295c 00000248 T SDL_UnRLESurface
00132ba4 00000d84 T SDL_RLESurface
00133928 00000068 T _Eff_PositionDeinit
00133990 00000028 T _Mix_InitEffects
001339b8 00000004 T _Mix_DeinitEffects
001339bc 00000058 t _Mix_remove_all_effects
00133a14 000000ac t Mix_DoEffects
00133ac0 000000d4 T Mix_Init
00133b94 0000005c T Mix_Quit
00133bf0 00000098 T Mix_Volume
00133c88 00000470 t mix_channels
001340f8 000000f4 T Mix_HaltChannel
001341ec 0000012c T Mix_CloseAudio
00134318 00000258 T Mix_OpenAudio
00134570 00000088 t music_internal_volume
001345f8 000000a0 t music_internal_halt
00134698 00000070 t music_internal_position
00134708 000000d4 t music_internal_playing
001347dc 000001c8 t detect_music_type
001349a8 00000164 t music_internal_play
00134b10 0000007c t music_halt_or_loop.isra.0
00134b8c 000001f0 T music_mixer
00134d80 00000280 T open_music
00135000 0000008c T MIX_string_equals
0013508c 00000234 T Mix_LoadMUSType_RW
001352c0 000001bc T Mix_LoadMUS
0013547c 0000010c T Mix_FadeInMusicPos
00135588 00000010 T Mix_FadeInMusic
00135598 00000050 T Mix_VolumeMusic
001355e8 00000060 T close_music
00135648 00000028 T WAVStream_Init
00135670 00000010 T WAVStream_SetVolume
00135680 00000650 T WAVStream_LoadSong_RW
00135cd0 0000002c T WAVStream_Start
00135cfc 000001b4 T WAVStream_PlaySome
00135eb0 00000014 T WAVStream_Stop
00135ec4 00000044 T WAVStream_Active
00135f08 00000134 T Mix_InitMOD
0013603c 0000001c T Mix_QuitMOD
00136058 00000034 T LMM_Seek
0013608c 00000028 T LMM_Tell
001360b4 0000001c T LMM_Read
001360d0 00000034 T LMM_Get
00136104 00000034 T LMM_Eof
00136138 000001f4 T MOD_init
0013632c 00000018 T MOD_exit
00136344 00000014 T MOD_setvolume
00136358 000000e8 T MikMod_LoadSongRW
00136440 000000a0 T MOD_new_RW
001364e0 00000010 T MOD_play
001364f0 00000010 T MOD_playing
00136500 000001fc T MOD_playAudio
001366fc 00000010 T MOD_stop
0013670c 0000001c T MOD_jump_to_time
00136728 000001cc t recompute_freq
001368f8 000004f4 t recompute_amp
00136dec 00000090 t finish_note
00136e7c 000000f0 t note_off
00136f6c 00000078 t adjust_volume
00136fe4 000000e4 t do_compute_data.part.0
001370c8 00000090 t select_sample.isra.0
00137158 0000085c t start_note
001379b8 000005c4 t skip_to
00137f80 000003c8 t compute_data
00138348 00000ca4 T Timidity_PlaySome
00138ff0 00000114 T Timidity_SetVolume
00139104 000000a0 T Timidity_LoadSong_RW
001391a8 0000009c T Timidity_Start
00139244 00000010 T Timidity_Active
00139254 00000014 T Timidity_Stop
00139268 00000050 T Timidity_Close
001392b8 0000009c t compute_sample_increment
00139354 00000944 t groom_list
00139c98 00001378 t read_track
0013b010 000004ec T read_midi_file
0013b4fc 00000004 T init_tables
0013b500 00000a0c t read_config_file
0013bf0c 000002d4 T Timidity_Init
0013c1e0 0000000c T Timidity_Error
0013c1ec 00000064 T Mix_InitOgg
0013c250 0000001c T Mix_QuitOgg
0013c26c 0000002c t sdl_read_func
0013c298 00000010 t sdl_seek_func
0013c2a8 00000010 t sdl_tell_func
0013c2b8 00000148 t OGG_getsome
0013c400 00000028 T OGG_init
0013c428 00000008 T OGG_setvolume
0013c430 00000124 T OGG_new_RW
0013c554 0000000c T OGG_play
0013c560 00000008 T OGG_playing
0013c568 0000009c T OGG_playAudio
0013c604 0000000c T OGG_stop
0013c610 00000030 T OGG_jump_to_time
0013c640 0000013c t read_next_frame
0013c77c 000000a0 T mad_openFileRW
0013c81c 00000014 T mad_start
0013c830 00000014 T mad_stop
0013c844 00000014 T mad_isPlaying
0013c858 00000284 T mad_getSamples
0013cae0 000000f0 T mad_seek
0013cbd0 0000000c T mad_setVolume
0013cbdc 00000028 T close_file
0013cc04 000000a0 T skip
0013cca4 0000007c T safe_malloc
0013cd20 00000048 T add_to_pathlist
0013cd68 000002cc T open_file
0013d034 00000050 T free_pathlist
0013d084 00000100 t free_layer
0013d184 000000c8 t free_old_bank
0013d24c 00000068 t free_bank
0013d2b8 00001310 t load_instrument.constprop.0
0013e5c8 000004d8 t fill_bank
0013eaa0 00000080 T load_missing_instruments
0013eb20 0000005c T free_instruments
0013eb7c 0000007c T set_default_instrument
0013ebf8 000000f8 T recompute_envelope
0013ecf0 000001f4 T apply_envelope_to_amp
0013eee8 0000015c t update_signal
0013f044 00000e20 T mix_voice
0013fe64 00000038 T s32tos8
0013fe9c 00000040 T s32tou8
0013fedc 00000048 T s32tos16
0013ff24 0000004c T s32tou16
0013ff70 0000004c T s32tos16x
0013ffbc 0000005c T s32tou16x
00140018 000001d4 t update_vibrato
001401ec 00000a88 T resample_voice
00140c78 000002d4 T pre_resample
00140f4c 00000018 t ctl_open
00140f64 00000014 t ctl_close
00140f78 00000008 t ctl_read
00140f80 00000004 t ctl_refresh
00140f84 00000004 t ctl_total_time
00140f88 00000004 t ctl_file_name
00140f8c 00000004 t ctl_program
00140f90 0000005c t cmsg
00140fec 00000004 t ctl_sustain
00140ff0 00000004 t ctl_note
00140ff4 00000004 t ctl_pitch_bend
00140ff8 00000004 t ctl_volume
00140ffc 00000004 t ctl_expression
00141000 00000004 t ctl_panning
00141004 00000004 t ctl_master_volume
00141008 00000004 t ctl_current_time
0014100c 00000004 t ctl_reset
00141010 00000568 T antialiasing
00141578 00000024 t reduce_rational.part.0
0014159c 0000013c t scale_rational
001416d8 00000064 T mad_timer_compare
0014173c 00000214 T mad_timer_set
00141950 00000068 T mad_timer_add
001419b8 00000058 T mad_stream_init
00141a10 00000024 T mad_stream_buffer
00141a34 00000084 T mad_stream_sync
00141ab8 00000254 t decode_header
00141d0c 00000090 T mad_frame_init
00141d9c 000004c8 T mad_header_decode
00142264 000000d4 T mad_frame_decode
00142338 00000f28 t dct32
00143260 000004ec t synth_full
0014374c 000004b4 t synth_half
00143c00 000000b8 T mad_synth_init
00143cb8 000000c4 T mad_synth_frame
00143d7c 00000560 T mad_layer_I
001442dc 00000bdc T mad_layer_II
00144eb8 00000a04 t III_imdct_s
001458bc 00002b00 t III_decode
001483bc 000007b8 T mad_layer_III
00148b74 0000000c T mad_bit_init
00148b80 00000028 T mad_bit_length
00148ba8 00000014 T mad_bit_nextbyte
00148bbc 00000048 T mad_bit_skip
00148c04 000000c0 T mad_bit_read
00148cc4 00000494 T mad_bit_crc
00149158 00000008 t NS_IsThere
00149160 0000001c t NS_Update
0014917c 00000024 t NS_Exit
001491a0 00000020 t NS_Init
001491c0 00000014 T MikMod_realloc
001491d4 0000005c T MikMod_malloc
00149230 00000048 T MikMod_calloc
00149278 0000000c T MikMod_free
00149284 00000078 T MikMod_strdup
001492fc 0000001c T MikMod_strerror
00149318 000005f0 t MikMod_SetNumVoices_internal.part.7
00149908 000001f0 t _mm_init
00149af8 00000054 T MD_SampleSpace
00149b4c 00000054 T MD_SampleLength
00149ba0 000000dc T MikMod_InfoDriver
00149c7c 0000006c T MikMod_RegisterDriver
00149ce8 00000074 T MD_SampleLoad
00149d5c 00000014 T MD_SampleUnload
00149d70 00000098 T Voice_SetVolume_internal
00149e08 0000005c T Voice_SetFrequency_internal
00149e64 00000094 T Voice_SetPanning_internal
00149ef8 00000070 T Voice_Play_internal
00149f68 00000044 T Voice_Stop_internal
00149fac 00000034 T Voice_Stopped_internal
00149fe0 00000004 T MikMod_Init
00149fe4 00000080 T MikMod_Exit
0014a064 00000014 T MikMod_SetNumVoices_internal
0014a078 00000054 T MikMod_EnableOutput
0014a0cc 00000030 T MikMod_DisableOutput_internal
0014a0fc 00000010 T MikMod_Active
0014a10c 00000164 t ML_FreeEx
0014a270 00000464 t Player_LoadGeneric_internal
0014a6d4 000000c4 T MikMod_InfoLoader
0014a798 00000038 T _mm_registerloader
0014a7d0 000000a4 T ReadComment
0014a874 00000158 T ReadLinedComment
0014a9cc 00000048 T AllocPositions
0014aa14 000000e8 T AllocPatterns
0014aafc 0000004c T AllocTracks
0014ab48 00000098 T AllocInstruments
0014abe0 00000090 T AllocSamples
0014ac70 00000148 T DupStr
0014adb8 00000020 T Player_Free
0014add8 00000004 T Player_LoadGeneric
0014addc 000000f8 T MikMod_RegisterAllLoaders
0014aed4 00000028 t DoKeyOff
0014aefc 000000ac t DoITEffectW
0014afa8 00000058 t DoITEffectT
0014b000 000000a0 t DoITEffectP
0014b0a0 00000098 t DoITEffectN
0014b138 00000038 t DoITEffectM
0014b170 00000068 t DoITEffectI
0014b1d8 00000068 t DoXMEffectX2
0014b240 00000068 t DoXMEffectX1
0014b2a8 0000006c t DoXMEffectP
0014b314 000000a4 t DoXMEffectL
0014b3b8 0000006c t DoXMEffectH
0014b424 00000028 t DoXMEffectG
0014b44c 00000050 t DoXMEffectEB
0014b49c 00000050 t DoXMEffectEA
0014b4ec 00000068 t DoXMEffectA
0014b554 0000003c t DoS3MEffectT
0014b590 0000007c t DoS3MEffectI
0014b60c 0000005c t DoS3MEffectA
0014b668 0000008c t DoPTEffectF
0014b6f4 000000f0 t DoPTEffectD
0014b7e4 00000040 t DoPTEffectC
0014b824 000000f0 t DoPTEffectB
0014b914 00000030 t DoPTEffect8
0014b944 00000010 t DoNothing
0014b954 0000010c t DoS3MEffectR
0014ba60 00000018 t DoMEDSpeed
0014ba78 00000050 t DoULTEffect9
0014bac8 000001d8 t ProcessEnvelope.isra.0
0014bca0 00000228 t DoNNAEffects.isra.7
0014bec8 00000040 t DoXMEffectE2
0014bf08 00000040 t DoXMEffectE1
0014bf48 00000054 t DoKeyFade
0014bf9c 0000016c t DoS3MEffectQ
0014c108 00000068 t DoPTEffect9
0014c170 00000054 t DoPTEffect2
0014c1c4 00000054 t DoPTEffect1
0014c218 00000110 t DoITEffectY
0014c328 000000dc t DoITEffectU
0014c404 0000013c t DoPTEffect6
0014c540 000000e8 t DoS3MEffectU
0014c628 00000118 t DoPTEffect7
0014c740 000003d4 t DoEEffects
0014cb14 00000184 t DoITEffectS0
0014cc98 000000dc t DoITEffectH
0014cd74 00000070 t DoPTEffectA
0014cde4 0000008c t DoS3MEffectE
0014ce70 0000008c t DoS3MEffectF
0014cefc 00000110 t DoPTEffect5
0014d00c 000000d8 t DoPTEffect3
0014d0e4 000000f8 t DoITEffectG
0014d1dc 000000d8 t DoS3MEffectD
0014d2b4 0000011c t DoXMEffect6
0014d3d0 000001c4 t DoPTEffect0
0014d594 00000260 t DoOktArp
0014d7f4 000000ec t DoPTEffect4
0014d8e0 0000043c t DoVolEffects
0014dd1c 000003dc t DoPTEffectE
0014e0f8 0000014c t DoMEDEffectF3
0014e244 00000140 t DoMEDEffectF1
0014e384 00000068 t DoMEDEffectF2
0014e3ec 00000018 T getlinearperiod
0014e404 00000078 T getfrequency
0014e47c 00001b18 T Player_HandleTick
0014ff94 000002e8 T Player_Init
0015027c 00000080 T Player_Exit_internal
001502fc 0000002c T Player_SetVolume
00150328 00000080 T Player_Start
001503a8 00000060 T Player_Stop
00150408 00000030 T Player_Active
00150438 00000360 T Player_SetPosition
00150798 00000030 T UniSetRow
001507c8 0000002c T UniGetByte
001507f4 00000068 T UniGetWord
0015085c 00000080 T UniSkipOpcode
001508dc 00000058 T UniFindRow
00150934 00000028 T UniReset
0015095c 00000060 T UniWriteByte
001509bc 00000070 T UniWriteWord
00150a2c 00000100 T UniNewline
00150b2c 00000080 T UniDup
00150bac 0000002c T UniInit
00150bd8 00000020 T UniCleanup
00150bf8 0000020c t DitherSamples.part.1
00150e04 0000005c T SL_Init
00150e60 0000003c T SL_Exit
00150e9c 00000b58 T SL_Load
001519f4 000000a0 T SL_RegisterSample
00151a94 00000080 T SL_LoadSamples
00151b14 00000024 T SL_Sample8to16
00151b38 00000024 T SL_SampleSigned
00151b5c 00000010 T VC_Init
00151b6c 00000010 T VC_Exit
00151b7c 00000010 T VC_SetNumVoices
00151b8c 00000010 T VC_SampleSpace
00151b9c 00000010 T VC_SampleLength
00151bac 00000010 T VC_PlayStart
00151bbc 00000010 T VC_PlayStop
00151bcc 00000010 T VC_SampleLoad
00151bdc 00000010 T VC_SampleUnload
00151bec 00000010 T VC_WriteBytes
00151bfc 00000010 T VC_VoiceSetVolume
00151c0c 00000010 T VC_VoiceGetVolume
00151c1c 00000010 T VC_VoiceSetFrequency
00151c2c 00000010 T VC_VoiceGetFrequency
00151c3c 00000010 T VC_VoiceSetPanning
00151c4c 00000010 T VC_VoiceGetPanning
00151c5c 00000024 T VC_VoicePlay
00151c80 00000010 T VC_VoiceStop
00151c90 00000010 T VC_VoiceStopped
00151ca0 00000010 T VC_VoiceGetPosition
00151cb0 00000010 T VC_VoiceRealVolume
00151cc0 0000022c T VC_SetupPointers
00151eec 00000058 t S69_LoadTitle
00151f44 0000002c t S69_Cleanup
00151f70 0000017c t S69_Test
001520ec 000007a4 t S69_Load
00152890 0000003c t S69_Init
001528cc 00000058 t AMF_LoadTitle
00152924 0000002c t AMF_Cleanup
00152950 00000eb0 t AMF_Load
00153800 0000007c t AMF_Test
0015387c 0000003c t AMF_Init
001538b8 0000000c t ASY_LoadTitle
001538c4 0000002c t ASY_Cleanup
001538f0 0000066c t ASY_Load
00153f5c 00000078 t ASY_Test
00153fd4 0000002c t ASY_Init
00154000 00000058 t DSM_LoadTitle
00154058 0000002c t DSM_Cleanup
00154084 00000060 t DSM_Test
001540e4 000000ec t GetBlockHeader
001541d0 00000948 t DSM_Load
00154b18 0000003c t DSM_Init
00154b54 00000058 t FAR_LoadTitle
00154bac 00000038 t FAR_Cleanup
00154be4 00000920 t FAR_Load
00155504 00000084 t FAR_Test
00155588 00000058 t FAR_Init
001555e0 00000058 t GDM_LoadTitle
00155638 0000002c t GDM_Cleanup
00155664 00000d3c t GDM_Load
001563a0 000000b0 t GDM_Test
00156450 00000038 t GDM_Init
00156488 00000058 t IMF_LoadTitle
001564e0 00000030 t IMF_Cleanup
00156510 00000118 t IMF_Test
00156628 0000034c t IMF_ProcessCmd.part.0
00156974 0000160c t IMF_Load
00157f80 00000038 t IMF_Init
00157fb8 00000064 t LoadMidiString
0015801c 00000058 t IT_LoadTitle
00158074 0000007c t IT_Cleanup
001580f0 000001b0 t IT_LoadMidiConfiguration
001582a0 00001d08 t IT_Load
00159fa8 00000048 t IT_Test
00159ff0 00000088 t IT_Init
0015a078 00000060 t M15_LoadTitle
0015a0d8 0000002c t M15_Cleanup
0015a104 00000028 t M15_Init
0015a12c 000001e4 t LoadModuleHeader.part.0
0015a310 00000328 t M15_Test
0015a638 00000838 t M15_Load
0015ae70 000000bc t MED_LoadTitle
0015af2c 0000005c t MED_Cleanup
0015af88 000001c0 t EffectCvt
0015b148 0000100c t MED_Load
0015c154 00000058 t MED_Test
0015c1ac 00000058 t MED_Init
0015c204 00000060 t MOD_LoadTitle
0015c264 0000002c t MOD_Cleanup
0015c290 0000025c t ConvertNote
0015c4ec 0000002c t MOD_Init
0015c518 000001c4 t MOD_Test
0015c6dc 00000ad8 t MOD_Load
0015d1b4 00000058 t MTM_LoadTitle
0015d20c 0000002c t MTM_Cleanup
0015d238 000000c0 t MTM_Convert
0015d2f8 0000056c t MTM_Load
0015d864 00000064 t MTM_Test
0015d8c8 0000003c t MTM_Init
0015d904 0000000c t OKT_LoadTitle
0015d910 0000006c t OKT_Test
0015d97c 000009d0 t OKT_Load
0015e34c 00000058 t S3M_LoadTitle
0015e3a4 00000060 t S3M_Cleanup
0015e404 0000005c t S3M_Test
0015e460 00000bd4 t S3M_Load
0015f034 0000006c t S3M_Init
0015f0a0 00000058 t STM_LoadTitle
0015f0f8 0000002c t STM_Cleanup
0015f124 000000c4 t STM_Test
0015f1e8 0000084c t STM_Load
0015fa34 00000040 t STM_Init
0015fa74 00000058 t STX_LoadTitle
0015facc 0000004c t STX_Cleanup
0015fb18 00000b1c t STX_Load
00160634 000000e8 t STX_Test
0016071c 0000006c t STX_Init
00160788 00000008 t ULT_Init
00160790 00000004 t ULT_Cleanup
00160794 00000058 t ULT_LoadTitle
001607ec 00000064 t ULT_Test
00160850 000007ac t ULT_Load
00160ffc 00000038 t UMX_Init
00161034 00000074 t UMX_Load
001610a8 00000084 t UMX_LoadTitle
0016112c 00000048 t UMX_Cleanup
00161174 000009dc t UMX_Test
00161b50 00000008 t UNI_Init
00161b58 00000024 t UNI_Cleanup
00161b7c 000000a8 t UNI_Test
00161c24 000000bc t UNI_LoadTitle
00161ce0 0000185c t UNI_Load
0016353c 00000058 t FixEnvelope
00163594 00000058 t XM_LoadTitle
001635ec 00000020 t XM_Cleanup
0016360c 000003c8 t XM_Convert
001639d4 00000920 t LoadInstruments
001642f4 00000060 t XM_Test
00164354 00000028 t XM_Init
0016437c 000004e0 t LoadPatterns
0016485c 0000062c t XM_Load
00164e88 00000028 t _mm_MemReader_Eof
00164eb0 00000028 t _mm_MemReader_Get
00164ed8 00000090 t _mm_MemReader_Seek
00164f68 00000014 t _mm_MemReader_Tell
00164f7c 000001e8 t _mm_MemReader_Read
00165164 00000020 T _mm_iobase_setcur
00165184 0000000c T _mm_iobase_revert
00165190 00000004 T _mm_delete_mem_reader
00165194 0000006c T _mm_new_mem_reader
00165200 00000024 T _mm_read_string
00165224 00000030 T _mm_read_M_UWORD
00165254 00000030 T _mm_read_I_UWORD
00165284 00000060 T _mm_read_M_ULONG
001652e4 00000058 T _mm_read_I_ULONG
0016533c 00000034 T _mm_read_M_SWORD
00165370 00000030 T _mm_read_I_SWORD
001653a0 00000060 T _mm_read_M_SLONG
00165400 00000058 T _mm_read_I_SLONG
00165458 00000064 T _mm_read_M_SWORDS
001654bc 00000064 T _mm_read_M_UWORDS
00165520 00000060 T _mm_read_I_SWORDS
00165580 00000060 T _mm_read_I_UWORDS
001655e0 00000098 T _mm_read_M_ULONGS
00165678 00000090 T _mm_read_I_ULONGS
00165708 0000005c t MMCMP_GetBits.part.0
00165764 0000086c T MMCMP_Unpack
00165fd0 00000520 T PP20_Unpack
001664f0 0000006c t getb
0016655c 000007e8 T S404_Unpack
00166d44 00000334 t copy_data
00167078 00000764 T XPK_Unpack
001677dc 00000074 T _mm_strcasecmp
00167850 00000038 T AllocLinear
00167888 00000024 T FreeLinear
001678ac 000000fc T speed_to_finetune
001679a8 000000ec T S3MIT_CreateOrders
00167a94 0000067c T S3MIT_ProcessCmd
00168110 00000050 T UniEffect
00168160 00000084 T UniPTEffect
001681e4 00000034 T UniVolEffect
00168218 0000032c t MixReverb_Normal
00168544 000004e0 t MixReverb_Stereo
00168a24 00000060 t MixLowPass_Stereo
00168a84 0000003c t MixLowPass_Normal
00168ac0 00000098 T VC1_SilenceBytes
00168b58 0000003c T VC1_Exit
00168b94 0000001c T VC1_VoiceGetVolume
00168bb0 0000001c T VC1_VoiceGetPanning
00168bcc 0000001c T VC1_VoiceSetFrequency
00168be8 0000001c T VC1_VoiceGetFrequency
00168c04 00000048 T VC1_VoicePlay
00168c4c 00000020 T VC1_VoiceStop
00168c6c 00000024 T VC1_VoiceStopped
00168c90 00000028 T VC1_VoiceGetPosition
00168cb8 00000038 T VC1_VoiceSetVolume
00168cf0 00000038 T VC1_VoiceSetPanning
00168d28 00000038 T VC1_SampleUnload
00168d60 00000204 T VC1_SampleLoad
00168f64 00000008 T VC1_SampleSpace
00168f6c 00000020 T VC1_SampleLength
00168f8c 000000b0 T VC1_VoiceRealVolume
0016903c 00001af4 T VC1_WriteSamples
0016ab30 000000f4 T VC1_WriteBytes
0016ac24 000000c4 T VC1_Init
0016ace8 000002e0 T VC1_PlayStart
0016afc8 000000d4 T VC1_PlayStop
0016b09c 000000ac T VC1_SetNumVoices
0016b148 0000032c t MixReverb_Normal
0016b474 000004e0 t MixReverb_Stereo
0016b954 00000060 t MixLowPass_Stereo
0016b9b4 0000003c t MixLowPass_Normal
0016b9f0 000000e0 t Mix32ToFP_Normal
0016bad0 0000018c t Mix32ToFP_Stereo
0016bc5c 000000ec t Mix32To16_Normal
0016bd48 000001b0 t Mix32To16_Stereo
0016bef8 000000dc t Mix32To8_Normal
0016bfd4 00000190 t Mix32To8_Stereo
0016c164 00000098 T VC2_SilenceBytes
0016c1fc 0000003c T VC2_Exit
0016c238 00000020 T VC2_VoiceGetVolume
0016c258 00000020 T VC2_VoiceGetPanning
0016c278 00000020 T VC2_VoiceSetFrequency
0016c298 00000020 T VC2_VoiceGetFrequency
0016c2b8 0000004c T VC2_VoicePlay
0016c304 00000024 T VC2_VoiceStop
0016c328 00000028 T VC2_VoiceStopped
0016c350 0000002c T VC2_VoiceGetPosition
0016c37c 0000003c T VC2_VoiceSetVolume
0016c3b8 0000003c T VC2_VoiceSetPanning
0016c3f4 00000038 T VC2_SampleUnload
0016c42c 00000204 T VC2_SampleLoad
0016c630 00000008 T VC2_SampleSpace
0016c638 00000020 T VC2_SampleLength
0016c658 000000b4 T VC2_VoiceRealVolume
0016c70c 000012f0 T VC2_WriteSamples
0016d9fc 000000f4 T VC2_WriteBytes
0016daf0 00000118 T VC2_Init
0016dc08 000002f4 T VC2_PlayStart
0016defc 000000d4 T VC2_PlayStop
0016dfd0 000000c0 T VC2_SetNumVoices
0016e090 00000124 t _get_next_page
0016e1b4 00000104 t _initial_pcmoffset
0016e2b8 00000080 t _seek_helper
0016e338 00000098 t _make_decode_ready
0016e3d0 00000208 t _get_prev_page_serial
0016e5d8 00000354 t _fetch_headers
0016e92c 00000538 t _bisect_forward_serialno
0016ee64 0000036c t _fetch_and_process_packet.constprop.10
0016f1d0 000000f4 T ov_clear
0016f2c4 00000214 t _ov_open1
0016f4d8 0000004c T ov_pcm_total
0016f524 00000058 t ov_pcm_total.part.3
0016f57c 000000a0 T ov_time_total
0016f61c 00000058 t ov_time_total.part.4
0016f674 0000049c T ov_raw_seek
0016fb10 000001ac t _open_seekable2
0016fcbc 000000a0 T ov_open_callbacks
0016fd5c 00000b08 T ov_pcm_seek_page
00170864 00000390 T ov_pcm_seek
00170bf4 0000014c T ov_time_seek
00170d40 00000058 T ov_info
00170d98 0000017c T ov_read
00170f14 00000024 T vorbis_block_init
00170f38 00000074 T _vorbis_block_alloc
00170fac 00000078 T _vorbis_block_ripcord
00171024 00000034 T vorbis_block_clear
00171058 00000078 T vorbis_synthesis_restart
001710d0 00000124 T vorbis_dsp_clear
001711f4 000002cc T vorbis_synthesis_init
001714c0 00000650 T vorbis_synthesis_blockin
00171b10 00000074 T vorbis_synthesis_pcmout
00171b84 00000030 T vorbis_synthesis_read
00171bb4 000000b8 T _vorbis_window
00171c6c 00000164 T _vorbis_apply_window
00171dd0 000001c4 t _vorbis_synthesis1
00171f94 00000008 T vorbis_synthesis
00171f9c 00000008 T vorbis_synthesis_trackonly
00171fa4 00000088 T vorbis_packet_blocksize
0017202c 00000018 T vorbis_comment_init
00172044 0000008c T vorbis_comment_clear
001720d0 00000014 T vorbis_info_blocksize
001720e4 00000040 T vorbis_info_init
00172124 000001a8 T vorbis_info_clear
001722cc 000000b0 T vorbis_synthesis_idheader
0017237c 000006b0 T vorbis_synthesis_headerin
00172a2c 000003d0 T vorbis_staticbook_unpack
00172dfc 000001b0 T vorbis_book_decode
00172fac 00000550 T vorbis_book_decodevs_add
001734fc 00000448 T vorbis_book_decodev_add
00173944 00000460 T vorbis_book_decodev_set
00173da4 00000424 T vorbis_book_decodevv_add
001741c8 0000005c t bitreverse
00174224 0000002c t sort32a
00174250 00000024 T _ilog
00174274 00000284 T _make_words
001744f8 000000ac T _book_maptype1_quantvals
001745a4 00000728 t _book_unquantize.part.1
00174ccc 00000034 T vorbis_staticbook_destroy
00174d00 0000006c T vorbis_book_clear
00174d6c 000004d0 T vorbis_book_init_decode
0017523c 00000018 t icomp
00175254 00000240 t floor1_inverse2
00175494 00000324 t floor1_inverse1
001757b8 0000000c t floor1_free_look
001757c4 0000000c t floor1_free_info
001757d0 00000208 t floor1_look
001759d8 0000031c t floor1_unpack
00175cf4 00000154 t floor0_inverse1
00175e48 0000000c t floor0_free_info
00175e54 0000011c t floor0_unpack
00175f70 00000038 t floor0_free_look
00175fa8 00000244 t floor0_look
001761ec 000003e0 T vorbis_lsp_to_curve
001765cc 0000006c t floor0_inverse2
00176638 0000000c T res0_free_info
00176644 00000218 T res0_unpack
0017685c 000002a8 T res0_look
00176b04 000002bc t _01inverse
00176dc0 00000068 T res0_inverse
00176e28 00000068 T res1_inverse
00176e90 00000254 T res2_inverse
001770e4 0000008c T res0_free_look
00177170 000004a8 t mapping0_inverse
00177618 0000000c t mapping0_free_info
00177624 00000140 t mapping0_look
00177764 00000260 t mapping0_unpack
001779c4 00000090 t mapping0_free_look
00177a54 00001a00 T mdct_backward
00179454 00000100 t _os_update_crc
00179554 0000012c t _packetout
00179680 00000010 T ogg_page_continued
00179690 00000010 T ogg_page_bos
001796a0 00000010 T ogg_page_eos
001796b0 00000044 T ogg_page_granulepos
001796f4 0000000c T ogg_page_serialno
00179700 00000054 T ogg_stream_clear
00179754 00000098 T ogg_stream_init
001797ec 00000078 t _os_body_expand
00179864 0000008c t _os_lacing_expand
001798f0 00000078 T ogg_page_checksum_set
00179968 00000030 T ogg_sync_init
00179998 00000044 T ogg_sync_clear
001799dc 000000c8 T ogg_sync_buffer
00179aa4 00000034 T ogg_sync_wrote
00179ad8 000001d8 T ogg_sync_pageseek
00179cb0 00000380 T ogg_stream_pagein
0017a030 00000030 T ogg_sync_reset
0017a060 00000068 T ogg_stream_reset
0017a0c8 00000068 T ogg_stream_reset_serialno
0017a130 00000024 T ogg_stream_packetout
0017a154 00000024 T ogg_stream_packetpeek
0017a178 0000001c T oggpack_readinit
0017a194 000000c4 T oggpack_look
0017a258 00000064 T oggpack_adv
0017a2bc 000000fc T oggpack_read
0017a3b8 00000014 T oggpack_bytes
0017a3cc 00000200 T SDL_MixAudio
0017a5cc 00000004 W C3Di_LightEnvUpdate
0017a5d0 00000004 W C3Di_LightEnvDirty
0017a5d4 00000004 W C3Di_ProcTexUpdate
0017a5d8 00000004 W C3Di_ProcTexDirty
0017a5dc 000000b4 t C3Di_AptEventHook
0017a690 00000004 W C3Di_GasUpdate
0017a694 000001e0 T C3D_Init
0017a874 00000098 T C3D_SetViewport
0017a90c 000004ec T C3Di_UpdateContext
0017adf8 000000e0 T C3Di_SplitFrame
0017aed8 00000044 T C3D_Fini
0017af1c 00000108 T C3D_BindProgram
0017b024 0000004c t onVBlank0
0017b070 0000004c t onVBlank1
0017b0bc 00000080 t C3Di_RenderTargetDestroy
0017b13c 000000f4 t onQueueFinish
0017b230 00000038 T C3Di_RenderQueueEnableVBlank
0017b268 00000030 T C3Di_RenderQueueDisableVBlank
0017b298 00000060 T C3Di_RenderQueueInit
0017b2f8 000000b0 T C3Di_RenderQueueExit
0017b3a8 00000034 T C3Di_RenderQueueWaitDone
0017b3dc 000000e4 T C3D_FrameBegin
0017b4c0 00000048 T C3D_FrameDrawOn
0017b508 000001d8 T C3D_FrameEnd
0017b6e0 00000128 T C3D_RenderTargetCreate
0017b808 000000f0 T C3D_RenderTargetDelete
0017b8f8 000000a8 T C3D_RenderTargetSetOutput
0017b9a0 000000f0 T C3D_SyncDisplayTransfer
0017ba90 000002a0 T C3D_TexInitWithParams
0017bd30 00000044 T C3D_TexBind
0017bd74 0000016c T C3Di_SetTex
0017bee0 0000001c T C3D_CalcColorBufSize
0017befc 0000001c T C3D_CalcDepthBufSize
0017bf18 00000044 T C3D_SetFrameBuf
0017bf5c 0000016c T C3Di_FrameBufBind
0017c0c8 000000cc T C3D_FrameBufClear
0017c194 00000044 T C3D_FrameBufTransfer
0017c1d8 00000034 T C3D_GetTexEnv
0017c20c 00000024 T C3Di_TexEnvBind
0017c230 00000024 T BufInfo_Init
0017c254 00000020 T C3D_GetBufInfo
0017c274 00000048 T C3Di_BufInfoBind
0017c2bc 00000040 T C3D_DepthMap
0017c2fc 0000001c T C3D_CullFace
0017c318 00000040 T C3D_StencilTest
0017c358 00000024 T C3D_StencilOp
0017c37c 0000001c T C3D_BlendingColor
0017c398 00000024 T C3D_EarlyDepthTest
0017c3bc 0000002c T C3D_DepthTest
0017c3e8 0000002c T C3D_AlphaTest
0017c414 00000050 T C3D_AlphaBlend
0017c464 00000030 T C3D_FragOpMode
0017c494 00000044 T C3D_FragOpShadow
0017c4d8 000001ac T C3Di_EffectBind
0017c684 00000028 T AttrInfo_Init
0017c6ac 00000098 T AttrInfo_AddLoader
0017c744 00000020 T C3D_GetAttrInfo
0017c764 00000080 T C3Di_AttrInfoBind
0017c7e4 000000b8 T C3D_ImmDrawBegin
0017c89c 000000a8 T C3D_ImmSendAttrib
0017c944 00000070 T C3D_ImmDrawEnd
0017c9b4 0000029c T C3D_UpdateUniforms
0017cc50 000000c0 T C3Di_DirtyUniforms
0017cd10 000000d8 T C3Di_LoadShaderUniforms
0017cde8 00000028 T C3Di_ClearShaderUniforms
0017ce10 000000cc T Mtx_OrthoTilt
0017cedc 000001e0 T shaderInstanceInit
0017d0bc 00000018 T shaderInstanceGetUniformLocation
0017d0d4 0000001c T shaderProgramInit
0017d0f0 00000064 T shaderProgramFree
0017d154 00000080 T shaderProgramSetVsh
0017d1d4 000008c0 T shaderProgramConfigure
0017da94 000001f8 t DVLE_GenerateOutmap.part.0
0017dc8c 000001cc T DVLB_ParseFile
0017de58 00000038 T DVLB_Free
0017de90 00000074 T DVLE_GetUniformRegister
0017df04 00000010 T GX_BindQueue
0017df14 00000078 T GX_ProcessCommandList
0017df8c 00000074 T GX_MemoryFill
0017e000 00000070 T GX_DisplayTransfer
0017e070 00000068 t gxCmdQueueDoCommands.part.0
0017e0d8 000000c8 T gxCmdQueueInterrupt
0017e1a0 0000004c T gxCmdQueueClear
0017e1ec 000000f8 T gxCmdQueueAdd
0017e2e4 00000080 T gxCmdQueueRun
0017e364 00000060 T gxCmdQueueStop
0017e3c4 00000074 T gxCmdQueueWait
0017e438 0000013c T GPUCMD_Add
0017e574 000000ac T GPUCMD_Split
0017e620 00000040 T f32tof16
0017e660 00000040 T f32tof24
0017e6a0 00000044 T f32tof31
0017e6e4 00000158 t ndspUpdateMaster
0017e840 00000110 t ndspFinalize
0017e950 00000318 t ndspThreadMain
0017ec68 0000024c t ndspInitialize.part.0
0017eeb4 000000fc t ndspHookCallback
0017efb0 000003dc T ndspInit
0017f38c 000000cc T ndspExit
0017f458 00000010 T ndspSetCallback
0017f468 000000c8 T ndspChnReset
0017f530 00000018 T ndspChnSetFormat
0017f548 00000050 T ndspChnSetInterp
0017f598 00000064 T ndspChnSetRate
0017f5fc 00000088 T ndspChnSetMix
0017f684 000000b8 T ndspChnWaveBufAdd
0017f73c 00000040 T ndspiInitChn
0017f77c 0000002c T ndspiDirtyChn
0017f7a8 00000480 T ndspiUpdateChn
0017fc28 00000180 T ndspiReadChnState
0017fda8 000000a4 T cfguInit
0017fe4c 0000003c T cfguExit
0017fe88 0000004c T CFGU_GetConfigInfoBlk2
0017fed4 00000038 T __aeabi_d2lz
0017fed4 00000038 T __fixdfdi
0017ff10 00000040 T __aeabi_d2ulz
0017ff10 00000040 T __fixunsdfdi
0017ff50 00000120 T __udivmoddi4
00180070 0000005c T __assert_func
001800cc 00000008 T atof
001800d4 0000000c T atoi
001800e0 00000078 T bsearch
00180158 00000028 T calloc
00180180 00000094 T _calloc_r
00180214 0000000c T __errno
00180220 00000034 T exit
00180254 00000160 T _fclose_r
001803b4 00000020 T fclose
001803d4 00000258 T __sflush_r
0018062c 00000094 T _fflush_r
001806c0 00000038 T fflush
001806f8 000001a0 T _fgets_r
00180898 00000030 T fgets
001808c8 0000000c T _cleanup_r
001808d4 00000184 T __sinit
00180a58 00000134 T __sfp
00180b8c 0000000c T __sfp_lock_acquire
00180b98 0000000c T __sfp_lock_release
00180ba4 0000003c T __libc_fini_array
00180be0 0000003c T fiprintf
00180c1c 00000140 T _fopen_r
00180d5c 00000028 T fopen
00180d84 0000003c T fprintf
00180dc0 00000094 T fputc
00180e54 000002d0 T _fread_r
00181124 00000038 T fread
0018115c 000000f8 T _malloc_trim_r
00181254 000002e4 T _free_r
00181538 0000001c T _fseek_r
00181554 00000034 T fseek
00181588 000004f8 T _fseeko_r
00181a80 00000034 T ftell
00181ab4 000001bc T _ftello_r
00181c70 00000068 T _fwalk
00181cd8 00000070 T _fwalk_reent
00181d48 000000f8 T _fwrite_r
00181e40 00000038 T fwrite
00181e78 00000024 T getenv
00181e9c 000000c8 T _findenv_r
00181f64 0000007c T __libc_init_array
00181fe0 00000138 T __smakebuf_r
00182118 00000094 T __swhatbuf_r
001821ac 00000028 T memalign
001821d4 00000148 T _memalign_r
0018231c 00000020 T malloc
0018233c 00000020 T free
0018235c 000007f0 T _malloc_r
00182b4c 000000e0 T memchr
00182c2c 000000a8 T memcmp
00182cd4 0000011c T memcpy
00182df0 00000154 T memmove
00182f44 00000118 T memset
0018305c 0000000c T __malloc_lock
00183068 0000000c T __malloc_unlock
00183074 00000034 T printf
001830a8 000000dc T _putc_r
00183184 000000e0 T _puts_r
00183264 00000020 T puts
00183284 00000958 T qsort
00183bdc 0000001c T srand
00183bf8 00000044 T rand
00183c3c 00000044 T random
00183c80 00000028 T realloc
00183ca8 00000598 T _realloc_r
00184240 0000001c t lflush
0018425c 000001ac T __srefill_r
00184408 00000260 T setvbuf
00184668 00000098 T _raise_r
00184700 00000020 T raise
00184720 00000080 T signal
001847a0 000000cc T snprintf
0018486c 00000064 T sprintf
001848d0 00000074 T sscanf
00184944 00000044 T __sread
00184988 00000008 T __seofread
00184990 00000068 T __swrite
001849f8 00000048 T __sseek
00184a40 00000008 T __sclose
00184a48 00000064 T strcasecmp
00184aac 00000070 T strcat
00184b1c 00000144 T strchr
00184c60 000000f0 T strcpy
00184d50 0000063c T _strerror_r
0018538c 00000028 T strerror
001853b4 00000088 T strlcpy
0018543c 0000005c T strlen
00185498 000000ec T strncat
00185584 000000dc T strncmp
00185660 000000c0 T strncpy
00185720 00000048 T strnlen
00185768 00000044 T strrchr
001857b0 0000130c T _strtod_l
00186abc 0000000c T _strtod_r
00186ac8 0000002c T strtod
00186af4 00000034 T strtok
00186b28 000000b4 T __strtok_r
00186bdc 000001b0 t _strtol_l.part.0
00186d8c 0000003c T _strtol_r
00186dc8 00000058 T strtol
00186e20 00000244 t _strtoull_l.constprop.0
00187064 00000004 T _strtoull_r
00187068 00000030 T strtoull
00187098 0000064c t get_arg
001876e8 00003808 T _svfprintf_r
0018aef0 00000050 t get_arg
0018af40 00002b68 T __ssvfscanf_r
0018daa8 0000003c T time
0018dae4 00000008 T _user_strerror
0018daec 0000064c t get_arg
0018e138 00000034 T __sprint_r
0018e16c 00002584 T _vfiprintf_r
001906f0 000000d4 t __sbprintf
001907c4 0000064c t get_arg
00190e10 000038d4 T _vfprintf_r
001946e4 0000002c T vfprintf
00194710 000000d4 t __sbprintf
001947e4 000000a4 T _vsnprintf_r
00194888 00000038 T vsnprintf
001948c0 00000108 T __swbuf_r
001949c8 00000054 T _wcrtomb_r
00194a1c 00000028 T _wcsrtombs_r
00194a44 00000154 T __swsetup_r
00194b98 00000014 T abort
00194bac 00000114 T __call_exitprocs
00194cc0 000001a8 t quorem
00194e68 000012ec T _dtoa_r
00196154 0000000c T __env_lock
00196160 0000000c T __env_unlock
0019616c 000000c8 T __sflags
00196234 000004a4 T __sfvwrite_r
001966d8 000000ec t rshift
001967c4 00000928 T __gethex
001970ec 0000004c T __match
00197138 0000029c T __hexnan
001973d4 00000008 T iswspace
001973dc 0000000c T _localeconv_r
001973e8 00000010 T __locale_mb_cur_max
001973f8 00000068 T _mbrtowc_r
00197460 000002fc T __utf8_mbtowc
0019775c 00000088 T _Balloc
001977e4 0000001c T _Bfree
00197800 000000f4 T __multadd
001978f4 00000110 T __s2b
00197a04 00000058 T __hi0bits
00197a5c 0000009c T __lo0bits
00197af8 000000a4 T __i2b
00197b9c 00000204 T __multiply
00197da0 00000120 T __pow5mult
00197ec0 0000013c T __lshift
00197ffc 00000058 T __mcmp
00198054 000001cc T __mdiff
00198220 00000088 T __ulp
001982a8 000000d4 T __b2d
0019837c 0000012c T __d2b
001984a8 00000078 T __ratio
00198520 00000088 T __copybits
001985a8 0000005c T __any_on
00198604 000000e4 T __sccl
001986e8 0000000c T nanf
001986f8 000000a8 T frexp
001987a0 00000010 T nan
001987b0 000000b8 T stpncpy
00198868 0000022c t _strtoll_l.constprop.0
00198a94 00000004 T _strtoll_r
00198a98 000001c8 t _strtoul_l.constprop.0
00198c60 00000004 T _strtoul_r
00198c64 00000188 T __ssprint_r
00198dec 000000e0 T _sungetc_r
00198ecc 0000006c T __ssrefill_r
00198f38 000000c8 T _sfread_r
00199000 000000a8 T __submore
001990a8 00000190 T _wcsnrtombs_l
00199238 0000004c T _wcsnrtombs_r
00199284 000000f0 T __utf8_wctomb
00199374 0000003c T iswspace_l
001993b0 000001d4 t __jp2uc
00199584 0000009c T _jp2uc_l
00199620 00000084 T category
001996a4 00000008 t null_write
001996ac 00000018 T setDefaultDevice
001996c4 000000c8 T FindDevice
0019978c 00000028 T RemoveDevice
001997b4 0000009c T AddDevice
00199850 00000020 T GetDeviceOpTab
00199870 00000078 T _fstat_r
001998e8 00000014 T _getpid_r
001998fc 00000038 T _gettimeofday_r
00199934 00000008 T _isatty_r
0019993c 00000014 T _kill_r
00199950 00000084 T _lseek_r
001999d4 000000c8 T _open_r
00199a9c 00000080 T _read_r
00199b1c 00000078 T _sbrk_r
00199b94 00000080 T _write_r
00199c14 00000024 T _exit
00199c38 000001b8 T _concatenate_path
00199df0 00000160 T chdir
00199f50 00000008 T __flockfile
00199f58 00000008 T __funlockfile
00199f60 00000018 T __libc_lock_acquire
00199f78 00000018 T __libc_lock_release
00199f90 00000018 T __libc_lock_init_recursive
00199fa8 00000018 T __libc_lock_acquire_recursive
00199fc0 00000018 T __libc_lock_release_recursive
00199fd8 00000018 T __libc_lock_close_recursive
00199ff0 0000008c T __release_handle
0019a07c 000000b4 T __alloc_handle
0019a130 0000003c T __get_handle
0019a16c 000000f4 T _close_r
0019a260 00000068 t __dirnext
0019a2c8 000000f4 T opendir
0019a3bc 00000090 T closedir
0019a44c 000000b8 T readdir
0019a504 00000028 T __getreent
0019a52c T _fini
0019b000 0000000c r __func__.4
0019b00c 0000000f r __func__.3
0019b01c 000000cc r op_table_func
0019b0e8 000000cc r op_table_size
0019b1b4 000000cc r op_table_str
0019b280 0000000a r __func__.2
0019b28c 0000000a r __func__.0
0019b298 00000013 r __func__.1
0019b2ac 00000010 r __func__.0
0019b2bc 0000000d r __func__.1
0019b2cc 0000000a r __func__.0
0019b2d8 0000000a r __func__.2
0019b2e4 0000000b r __func__.1
0019b2f0 00000008 r __func__.0
0019b2f8 0000000d r __func__.4
0019b308 0000000b r __func__.3
0019b314 0000000c r __func__.2
0019b320 0000000e r __func__.1
0019b330 0000000d r __func__.0
0019b340 00000010 r __func__.0
0019b350 00000017 r __func__.12
0019b368 00000044 r stbi__bmask
0019b3ac 00000017 r __func__.21
0019b3c4 00000015 r __func__.20
0019b3dc 00000040 r stbi__jbias
0019b41c 0000004f r stbi__jpeg_dezigzag
0019b46c 00000012 r __func__.10
0019b480 00000024 r mul_table.9
0019b4a4 00000024 r shift_table.8
0019b4c8 00000010 r __func__.5
0019b4d8 0000001f r __func__.0
0019b4f8 0000001b r __func__.17
0019b514 00000005 r first_row_filter
0019b51c 00000009 r stbi__depth_scale_table
0019b528 00000015 r __func__.13
0019b540 00000013 r length_dezigzag.2
0019b554 0000001f r __func__.4
0019b574 00000120 r stbi__zdefault_length
0019b694 00000020 r stbi__zdefault_distance
0019b6b4 0000007c r stbi__zlength_base
0019b730 0000007c r stbi__zlength_extra
0019b7ac 00000080 r stbi__zdist_base
0019b82c 00000080 r stbi__zdist_extra
0019b8ac 00000005 r tag.24
0019b8b4 00000006 r tag.23
0019b8bc 00000003 r rgb.22
0019b8c0 0000000f r __func__.11
0019b8d4 00000008 r png_sig.19
0019b94c 0000001d r __func__.16
0019b96c 0000001b r __func__.15
0019b988 00000010 r __func__.14
0019b998 0000000f r __func__.7
0019b9a8 00000020 r __func__.25
0019b9c8 00000021 r __func__.6
0019b9ec 00000004 R mouseratioy
0019b9f0 00000004 R mouseratiox
0019b9f4 00000013 r __func__.0
0019ba08 0000000f r __func__.2
0019ba18 0000000f r __func__.1
0019ba28 0000000e r __func__.0
0019ba38 0000000d r __func__.4
0019ba48 0000000f r __func__.3
0019ba58 0000000d r __func__.2
0019ba68 0000000c r __func__.1
0019ba74 0000000d r __func__.0
0019bad0 00000010 r __func__.6549
0019bae0 0000000f r __func__.6555
0019baf0 00000008 R mad_timer_zero
0019baf8 0000012c r bitrate_table
0019bc24 0000000c r samplerate_table
0019bc30 0000000c r decoder_table
0019bc3c 00000880 r D
0019c4bc 00000038 r linear_table
0019c4f4 00000100 r sf_table
0019c5f4 000000b4 r sbquant_table
0019c6a8 00000020 r bitalloc_table
0019c6c8 0000005a r offset_table
0019c724 000000cc r qc_table
0019c7f0 0000006c r sfbwidth_table
0019c85c 00000048 r nsfb_table
0019c8a4 00000020 r sflen_table
0019c8c4 00000016 r pretab
0019c8dc 0000001c r root_table
0019c8f8 0000000f r __func__.6784
0019c908 00000078 r is_lsf_table
0019c980 0000001c r is_table
0019c99c 0000000e r __func__.7071
0019c9ac 0000803c r rq_table
001a49e8 00000027 r sfb_8000_mixed
001a4a10 00000027 r sfb_8000_short
001a4a38 00000016 r sfb_8000_long
001a4a50 00000024 r sfb_16000_mixed
001a4a74 00000024 r sfb_22050_mixed
001a4a98 00000024 r sfb_24000_mixed
001a4abc 00000027 r sfb_16000_short
001a4ae4 00000027 r sfb_22050_short
001a4b0c 00000027 r sfb_24000_short
001a4b34 00000016 r sfb_22050_long
001a4b4c 00000016 r sfb_24000_long
001a4b64 00000026 r sfb_32000_mixed
001a4b8c 00000026 r sfb_44100_mixed
001a4bb4 00000026 r sfb_48000_mixed
001a4bdc 00000027 r sfb_32000_short
001a4c04 00000027 r sfb_44100_short
001a4c2c 00000027 r sfb_48000_short
001a4c54 00000016 r sfb_32000_long
001a4c6c 00000016 r sfb_44100_long
001a4c84 00000016 r sfb_48000_long
001a4c9c 00000100 R mad_huff_pair_table
001a4d9c 00000008 R mad_huff_quad_table
001a4da4 00000304 r hufftab24
001a50a8 00000324 r hufftab16
001a53cc 000002f8 r hufftab15
001a56c4 0000031c r hufftab13
001a59e0 000000c0 r hufftab12
001a5aa0 000000d0 r hufftab11
001a5b70 000000cc r hufftab10
001a5c3c 0000006c r hufftab9
001a5ca8 00000084 r hufftab8
001a5d2c 00000080 r hufftab7
001a5dac 00000038 r hufftab6
001a5de4 00000034 r hufftab5
001a5e18 00000020 r hufftab3
001a5e38 00000020 r hufftab2
001a5e58 00000010 r hufftab1
001a5e68 00000002 r hufftab0
001a5e6c 00000020 r hufftabB
001a5e8c 00000038 r hufftabA
001a5ec4 00000200 r crc_table
001a60c4 0000018c r _mm_errmsg
001a6250 00000014 r unpackers
001a6264 00000020 R finetune
001a6284 00000020 r VibratoTable
001a62a4 00000100 r PanbrelloTable
001a63a4 000000d0 r logtab
001a6474 00000030 r oldperiods
001a64a4 00000c00 r lintab
001a70a4 000000f8 r effects
001a719c 00000080 r avibtab
001a721c 0000007c R unioperands
001a7298 00000008 r S69_Version
001a72a0 000000c0 r periodtable
001a7360 00000008 r DSMSIG
001a7368 00000007 r FARSIG
001a7370 00000018 r IT_Version
001a7388 0000000a r portatable
001a7394 00000018 r S3M_Version
001a73ac 00000010 r numeric
001a73bc 0000000c r STM_Version
001a73c8 00000014 r mustype
001a73e8 00000040 r MMCMP16BitCommands
001a7428 00000040 r MMCMP16BitFetch
001a7468 00000020 r MMCMP8BitCommands
001a7488 00000020 r MMCMP8BitFetch
001a74a8 00000038 r ctable
001a74e0 000000a8 R npertab
001a82c8 r .LC35
001a82d4 r .LC36
001a875c r .LC115
001a8764 r .LC116
001a8d0c 00000070 r romFS_devoptab
001a8de0 00000030 r colorTable
001a8e10 00000070 r dotab_stdout
001a8eb0 00000008 r morton_x.3
001a8eb8 00000008 r morton_y.2
001a8ec0 00000008 r s_sleepWakeEvents.4
001a8ee8 R default_font_bin
001a96e8 R default_font_bin_end
001a9720 00000070 r archive_devoptab
001a9790 00000030 r error_table
001a97c0 00000060 R __inv_pio4
001a9820 000000e0 R __sincosf_table
001a9900 00000080 r npio2_hw
001a9980 00000108 r two_over_pi
001a9a88 00000870 R __exp_data
001aa2f8 00000040 r PIo2
001aa338 00000010 r init_jk
001aa348 00001048 R __pow_log_data
001ab458 00000014 r SDL_fatal_signals
001ab58c 00000048 r format_list
001ab834 00000010 r clearcolors
001ab844 00000010 r displayTranferFlags
001ab854 00000010 r textureTranferFlags
001ac020 R vshader_shbin
001ac144 R vshader_shbin_end
001ac144 R vshader_shbin_size
001ac148 00000010 r getpixes
001ac5c0 00000200 r expr_curve
001ac7c0 00000200 r vcurve
001acd68 00000020 r label.5
001ad65c 00000024 r note_name.0
001adc40 r .LC2
001ae118 00000800 r vwin1024
001ae918 00000100 r vwin128
001aea18 00001000 r vwin2048
001afa18 00000200 r vwin256
001afc18 00002000 r vwin4096
001b1c18 00000400 r vwin512
001b2018 00000080 r vwin64
001b2098 00004000 r vwin8192
001b6098 00000400 r FLOOR_fromdB_LOOKUP
001b6498 00000008 r ADJUST_SQRT2
001b64a0 00000204 r COS_LOOKUP_I
001b66a4 00000080 r FROMdB2_LOOKUP
001b6724 0000008c r FROMdB_LOOKUP
001b67b0 00000104 r INVSQ_LOOKUP_I
001b68b4 00000100 r INVSQ_LOOKUP_IDel
001b69b4 00000070 r barklook
001b6a24 00000010 r bitrev
001b6a34 00001008 r sincos_lookup0
001b7a3c 00001000 r sincos_lookup1
001b8a3c 00002000 r crc_lookup
001baa3c 00000084 r mask
001baae8 00000200 r mix8
001bace8 00000038 r CSWTCH.18
001bad20 00000005 r colorFmtSizes
001bad28 00000004 r depthFmtSizes
001bad34 00000011 r dsp_filename.0
001bada0 00000101 R _ctype_
001baea4 00000004 R _global_impure_ptr
001bb5b8 00000014 r fpi.1
001bb5cc 00000014 r fpinan.0
001bb5e0 00000028 r tinytens
001bb644 00000010 r blanks.1
001bb654 00000010 r zeroes.0
001bb66c 00000022 r basefix.0
001bb690 00000010 r blanks.1
001bb6a0 00000010 r zeroes.0
001bb6b0 00000010 r blanks.1
001bb6c0 00000010 r zeroes.0
001bb77c 00000100 R __hexdig
001bb87c 0000000c R _C_numeric_locale
001bb910 00000028 R __mprec_bigtens
001bb938 000000c8 R __mprec_tens
001bba00 0000000c r p05.0
001bba0c 0000006c R __action_table
001bba78 00000100 R __chclass
001bbb78 0000006c R __state_table
001bbbf8 000000bc r a1
001bbcb4 000000bc r a2
001bbd70 0000005b r a3
001bbdcc 00000070 r a6
001bbe3c 000000a2 r a7
001bbee0 00000040 r a8
001bbf20 0000172a r b02cf
001bd64c 00001a7c r d02f4
001bf0c8 000031e6 r categories
001c22b0 00000070 R dotab_stdnull
001c2320 r 
001c2320 R __exidx_end
001c2320 R __exidx_start
001c3000 00000400 D font8x8_basic
001c3400 00000004 D zEnableSpecular
001c3404 00000018 D clip_proc
001c341c 0000000c d stbi__stdio_callbacks
001c3428 00000004 d stbi__l2h_gamma
001c342c 00000004 d stbi__l2h_scale
001c3430 00000004 d stbi__h2l_gamma_i
001c3434 00000004 d stbi__h2l_scale_i
001c3438 00000019 d invalid_chunk.18
001c3454 00000004 D G_
001c3458 00000004 D B_
001c345c 00000004 D A_
001c3460 0000000c D camforw
001c346c 0000000c D camup
001c3478 00000080 D stipplepattern
001c34f8 0000000c D campos
001c3504 0000007c D drv_nos
001c3580 00000002 D md_mode
001c3582 00000002 d olddevice
001c3584 00000004 D md_player
001c3588 00000001 D md_musicvolume
001c3589 00000001 D md_sndfxvolume
001c358a 00000001 D md_volume
001c358b 00000001 D md_pansep
001c358c 00000004 d firstcall.8893
001c3590 00000002 D md_bpm
001c3592 00000002 D md_mixfreq
001c3594 00000004 d VC_Init_ptr
001c3598 00000004 d VC_Exit_ptr
001c359c 00000020 D load_669
001c35bc 00000017 d AMF_Version
001c35d4 00000020 D load_amf
001c35f4 0000000b d asylum
001c3600 00000020 D load_asy
001c3620 00000010 d DSM_Version
001c3630 00000020 D load_dsm
001c3650 0000000a d FAR_Version
001c365c 00000020 D load_far
001c367c 00000017 d GDM_Version
001c3694 00000020 D load_gdm
001c36b4 0000000e d IMF_Version
001c36c4 00000020 D load_imf
001c36e4 00000020 D load_it
001c3704 00000020 D load_m15
001c3724 0000000f d MED_Version
001c3734 00000020 D load_med
001c3754 0000000c d fasttracker
001c3760 0000000c d taketracker
001c376c 0000000c d startrekker
001c3778 0000001b d orpheus
001c3794 0000000a d oktalyser
001c37a0 0000000a d oktalyzer
001c37ac 0000000b d protracker
001c37b8 00000020 D load_mod
001c37d8 00000004 d MTM_Version
001c37dc 00000020 D load_mtm
001c37fc 00000020 D load_okt
001c381c 00000020 D load_s3m
001c383c 00000020 D load_stm
001c385c 00000020 D load_stx
001c387c 00000013 d ULT_Version
001c3890 00000020 D load_ult
001c38b0 00000020 D load_umx
001c38d0 00000020 D load_uni
001c38f0 00000020 D load_xm
001c3910 0000000c D STM_Version
001c391c 0000000c D STM_Signatures
001c3928 00000004 D currentConsole
001c392c 0000004c D defaultConsole
001c3978 00000001 d firstConsoleInit.0
001c397c 00000004 d kCount
001c3980 00000004 d kDelay
001c3984 00000004 d kInterval
001c3988 W __stacksize__
001c398c 00000001 D __fdlib_version
001c3990 00000010 D N3DSAUD_bootstrap
001c39a0 00000010 D N3DS_bootstrap
001c39b0 00000004 D SDL_cursorstate
001c39b4 00000020 d default_cdata
001c39d4 00000020 d default_cmask
001c39f4 00000004 d palette_changed
001c39f8 00000004 d mix_music
001c39fc 00000004 D music_active
001c3a00 00000004 d music_volume
001c3a04 00000004 d wavestream_volume
001c3a08 00000004 D amplification
001c3a0c 00000004 D drumchannels
001c3a10 00000004 D voices
001c3a18 00000400 D bend_coarse
001c3e18 00000800 D bend_fine
001c4618 00000200 D freq_table
001c4818 00000400 D vol_table
001c4c18 00003e80 D xmap
001c8a98 00000004 D ctl
001c8a9c 00000208 D drumset
001c8ca4 00000004 D max_patch_memory
001c8ca8 00000208 D tonebank
001c8eb0 00000004 D play_mode
001c8eb4 0000000c D sdl_play_mode
001c8ec0 0000005c D sdl_control_mode
001c8f1c 00000008 D _floor_P
001c8f24 00000004 D _mapping_P
001c8f28 0000000c D _residue_P
001c8f34 00000018 D floor1_exportbundle
001c8f4c 00000018 D floor0_exportbundle
001c8f64 00000014 D residue0_exportbundle
001c8f78 00000014 D residue1_exportbundle
001c8f8c 00000014 D residue2_exportbundle
001c8fa0 00000014 D mapping0_exportbundle
001c8fb4 00000004 d framerate
001c8fb8 00000008 d framerateCounter
001c8fc0 00000004 d queueLock
001c8fc4 0000000c d __sfp_recursive_mutex
001c8fd0 0000000c d __sinit_recursive_mutex
001c8fdc 00000004 D _impure_ptr
001c8fe0 00000460 d impure_data
001c9440 00000408 D __malloc_av_
001c9848 00000004 D __malloc_sbrk_base
001c984c 00000004 D __malloc_trim_threshold
001c9850 0000000c d __malloc_recursive_mutex
001c985c 0000000c D __atexit_recursive_mutex
001c9868 00000004 D environ
001c986c 0000000c d __env_recursive_mutex
001c9878 00000002 d numempty
001c987c 0000016c D __global_locale
001c99e8 00000004 d defaultDevice
001c99ec 0000008c D devoptab_list
001c9a78 00000400 d _current_working_directory
001c9e78 00000004 d __hndl_lock
001c9e7c 0000000c d __stderr_handle
001c9e88 0000000c d __stdin_handle
001c9e94 0000000c d __stdout_handle
001c9ea0 00001000 d handles
001caea8 d _GLOBAL_OFFSET_TABLE_
001caeb4 d __frame_dummy_init_array_entry
001caeb4 D __init_array_start
001caeb4 B __preinit_array_end
001caeb4 B __preinit_array_start
001caeb4 D __tdata_lma
001caeb4 D __tdata_lma_end
001caeb8 d __do_global_dtors_aux_fini_array_entry
001caeb8 D __fini_array_start
001caeb8 D __init_array_end
001caebc D __bss_start__
001caebc D __fini_array_end
001caebc 00000004 B frameBuffer
001caec0 00000004 B gl_ctx
001caec4 00000004 b stbi__vertically_flip_on_load_global
001caec8 00000004 b stbi__de_iphone_flag
001caecc 00000004 b stbi__unpremultiply_on_load
001caed0 00000c00 B charsprites
001cbad0 00000004 B surf
001cbad4 00000004 B dbuff
001cbad8 00000004 B R_
001cbadc 00000010 B actualSurf
001cbaec 00000004 B mousex
001cbaf0 00000004 B mousey
001cbaf4 00000010 B wasdstate
001cbb04 0004b000 B dunew
00216b04 0004b000 B dv
00261b04 0004b000 B du
002acb04 00000004 b zerobuf
002acb08 00000004 B _mm_errorhandler
002acb0c 00000004 B MikMod_critical
002acb10 00000004 B MikMod_errno
002acb14 00000004 b isplaying
002acb18 00000004 B md_driver
002acb1c 00000001 B md_numchn
002acb20 00000004 b sfxinfo
002acb24 00000004 b md_sample
002acb28 00000001 B md_sngchn
002acb29 00000001 B md_sfxchn
002acb2a 00000001 B md_hardchn
002acb2b 00000001 B md_softchn
002acb2c 00000004 b initialized
002acb30 00000004 b sfxpool
002acb34 00000002 B md_device
002acb38 00000004 b firstdriver
002acb3c 00000004 B vc_callback
002acb40 00000004 B _mm_mutex_lists
002acb44 00000004 B _mm_mutex_vars
002acb48 00000001 B md_reverb
002acb4c 00000004 b firstloader
002acb50 00000004 B pf
002acb54 00000004 b rowpc
002acb58 00000004 b rowend
002acb5c 00000001 b lastbyte
002acb5e 00000002 b unitt
002acb60 00000002 b unipc
002acb62 00000002 b lastp
002acb64 00000004 b unibuf
002acb68 00000002 b unimax
002acb6c 00000004 b sl_buffer
002acb70 00000004 b sl_rlength
002acb74 00000002 b sl_old
002acb78 00000004 b musiclist
002acb7c 00000004 b sndfxlist
002acb80 00000004 b VC_SetNumVoices_ptr
002acb84 00000004 b VC_SampleSpace_ptr
002acb88 00000004 b VC_SampleLength_ptr
002acb8c 00000004 b VC_PlayStart_ptr
002acb90 00000004 b VC_PlayStop_ptr
002acb94 00000004 b VC_SampleLoad_ptr
002acb98 00000004 b VC_SampleUnload_ptr
002acb9c 00000004 b VC_WriteBytes_ptr
002acba0 00000004 b VC_SilenceBytes_ptr
002acba4 00000004 b VC_VoiceSetVolume_ptr
002acba8 00000004 b VC_VoiceGetVolume_ptr
002acbac 00000004 b VC_VoiceSetFrequency_ptr
002acbb0 00000004 b VC_VoiceGetFrequency_ptr
002acbb4 00000004 b VC_VoiceSetPanning_ptr
002acbb8 00000004 b VC_VoiceGetPanning_ptr
002acbbc 00000004 b VC_VoicePlay_ptr
002acbc0 00000004 b VC_VoiceStop_ptr
002acbc4 00000004 b VC_VoiceStopped_ptr
002acbc8 00000004 b VC_VoiceGetPosition_ptr
002acbcc 00000004 b VC_VoiceRealVolume_ptr
002acbd0 00000004 b s69pat
002acbd4 00000004 b mh
002acbd8 00000004 b mh
002acbdc 00000004 b track
002acbe0 00000004 b mh
002acbe4 00000004 b patbuf
002acbe8 00000004 b modtype
002acbec 00000004 b dsmbuf
002acbf0 00000004 b mh
002acbf4 00000004 b blocklp
002acbf8 00000004 b blockln
002acbfc 00000004 b blockid
002acc00 00000004 b mh1
002acc04 00000004 b mh2
002acc08 00000004 b pat
002acc0c 00000004 b mh
002acc10 00000004 b gdmbuf
002acc14 00000004 b imfpat
002acc18 00000004 b mh
002acc1c 00000004 b mh
002acc20 00000004 b itpat
002acc24 00000004 b mask
002acc28 00000004 b last
002acc2c 00000004 b paraptr
002acc30 00000004 b numtrk
002acc34 00000004 b old_effect
002acc38 00000004 b mh
002acc3c 00000004 b patbuf
002acc40 00000004 b ust_loader
002acc44 00000004 b me
002acc48 00000004 b mh
002acc4c 00000004 b ms
002acc50 00000004 b ba
002acc54 00000004 b mmd0pat
002acc58 00000004 b mmd1pat
002acc5c 00000004 b bpmtempos
002acc60 00000004 b decimalvolumes
002acc64 00000004 b mh
002acc68 00000004 b patbuf
002acc6c 00000004 b modtype
002acc70 00000004 b trekker
002acc74 00000004 b mtmtrk
002acc78 00000004 b mh
002acc7c 00000040 b pat
002accbc 00000004 b okttrk
002accc0 00000004 b s3mbuf
002accc4 00000004 b paraptr
002accc8 00000004 b mh
002acccc 00000004 b tracker
002accd0 00000004 b mh
002accd4 00000004 b stmbuf
002accd8 00000004 b stxbuf
002accdc 00000004 b paraptr
002acce0 00000004 b mh
002acce4 00000005 b ev
002accec 00000004 b umx_data
002accf0 00000004 b wh
002accf4 00000004 b s
002accf8 0000013c b mh
002ace34 00000002 b universion
002ace38 00000004 b mh
002ace3c 00000004 b nextwav
002ace40 00000004 b wh
002ace44 00000004 b s
002ace48 00000004 b xmpat
002ace4c 00000004 B noteindex
002ace50 00000004 b noteindexcount
002ace54 00000004 B poslookup
002ace58 00000004 B origpositions
002ace60 00000004 b RVRindex
002ace64 00000004 b RVc1
002ace68 00000004 b RVc2
002ace6c 00000004 b RVc3
002ace70 00000004 b RVc4
002ace74 00000004 b RVc5
002ace78 00000004 b RVc6
002ace7c 00000004 b RVc7
002ace80 00000004 b RVc8
002ace84 00000004 b RVbufL1
002ace88 00000004 b RVbufL2
002ace8c 00000004 b RVbufL3
002ace90 00000004 b RVbufL4
002ace94 00000004 b RVbufL5
002ace98 00000004 b RVbufL6
002ace9c 00000004 b RVbufL7
002acea0 00000004 b RVbufL8
002acea4 00000004 b RVbufR1
002acea8 00000004 b RVbufR2
002aceac 00000004 b RVbufR3
002aceb0 00000004 b RVbufR4
002aceb4 00000004 b RVbufR5
002aceb8 00000004 b RVbufR6
002acebc 00000004 b RVbufR7
002acec0 00000004 b RVbufR8
002acec4 00000004 b nLeftNR
002acec8 00000004 b nRightNR
002acecc 00000002 b vc_mode
002aced0 00000004 b vinf
002aced4 00000004 b vc_tickbuf
002aced8 00000004 b Samples
002acedc 00000004 b tickleft
002acee0 00000004 b samplesthatfit
002acee4 00000004 b vc_softchn
002acee8 00000008 b idxlend
002acef0 00000008 b idxsize
002acef8 00000008 b idxlpos
002acf00 00000004 b vnf
002acf04 00000004 b MixLowPass
002acf08 00000004 b MixReverb
002acf10 00000004 b RVRindex
002acf14 00000004 b RVc1
002acf18 00000004 b RVc2
002acf1c 00000004 b RVc3
002acf20 00000004 b RVc4
002acf24 00000004 b RVc5
002acf28 00000004 b RVc6
002acf2c 00000004 b RVc7
002acf30 00000004 b RVc8
002acf34 00000004 b RVbufL1
002acf38 00000004 b RVbufL2
002acf3c 00000004 b RVbufL3
002acf40 00000004 b RVbufL4
002acf44 00000004 b RVbufL5
002acf48 00000004 b RVbufL6
002acf4c 00000004 b RVbufL7
002acf50 00000004 b RVbufL8
002acf54 00000004 b RVbufR1
002acf58 00000004 b RVbufR2
002acf5c 00000004 b RVbufR3
002acf60 00000004 b RVbufR4
002acf64 00000004 b RVbufR5
002acf68 00000004 b RVbufR6
002acf6c 00000004 b RVbufR7
002acf70 00000004 b RVbufR8
002acf74 00000004 b nLeftNR
002acf78 00000004 b nRightNR
002acf7c 00000002 b vc_mode
002acf80 00000004 b vinf
002acf84 00000004 b vc_tickbuf
002acf88 00000004 b Samples
002acf8c 00000004 b tickleft
002acf90 00000004 b samplesthatfit
002acf94 00000004 b vc_softchn
002acf98 00000008 b idxlend
002acfa0 00000008 b idxsize
002acfa8 00000008 b idxlpos
002acfb0 00000004 b vnf
002acfb4 00000004 b MixLowPass
002acfb8 00000004 b MixReverb
002acfbc 00000004 b Mix32toFP
002acfc0 00000004 b Mix32to16
002acfc4 00000004 b Mix32to8
002acfc8 b completed.1
002acfcc b object.0
002acfe4 00000008 b sLinearPool
002acfec 0000000c b sAddrMap
002acff8 00000004 V __romfs_path
002acffc 00000004 b romfs_mount_list
002ad000 0000004c B currentCopy
002ad04c 00000004 b gfxBottomFramebufferMaxSize
002ad050 00000008 b gfxBottomFramebuffers
002ad058 00000002 b gfxCurBuf
002ad05c 00000002 b gfxFramebufferFormats
002ad060 00000002 b gfxIsDoubleBuf
002ad062 00000001 b gfxIsVram
002ad064 00000004 b gfxTopFramebufferMaxSize
002ad068 00000008 b gfxTopFramebuffers
002ad070 00000001 b gfxTopMode
002ad074 00000004 b screenAlloc
002ad078 00000004 b screenFree
002ad07c 00000001 b dspComponentLoaded
002ad080 00000008 b dspFirstHook
002ad088 00000004 b dspHandle
002ad08c 00000004 b dspRefCount
002ad090 00000004 b dspSavedCompBin
002ad094 00000002 b dspSavedCompDataMask
002ad096 00000002 b dspSavedCompProgMask
002ad098 00000004 b dspSavedCompSize
002ad09c 00000001 b dspSleeping
002ad0a0 00000004 b gspEvent
002ad0a4 0000001c b gspEventCb
002ad0c0 0000001c b gspEventCbData
002ad0dc 00000007 b gspEventCbOneShot
002ad0e4 00000004 b gspEventThread
002ad0e8 00000038 b gspEvents
002ad120 00000004 b gspGpuHandle
002ad124 00000001 b gspGpuRight
002ad128 00000004 b gspLastEvent
002ad12c 00000004 b gspRefCount
002ad130 00000001 b gspRunEvents
002ad134 00000004 b gspSharedMem
002ad138 00000004 b gspSharedMemHandle
002ad13c 00000001 b gspThreadId
002ad13d 00000001 b aptChainloadFlags
002ad13e 00000001 b aptChainloadMediatype
002ad140 00000008 b aptChainloadTid
002ad148 00000004 b aptEventHandlerThread
002ad14c 00000001 b aptEventHandlerThreadQuit
002ad150 00000008 b aptEvents
002ad158 0000000c b aptFirstHook
002ad164 00000004 b aptFlags
002ad168 00000001 b aptHomeButtonState
002ad16c 00000004 b aptLockHandle
002ad170 00000004 b aptMessageFunc
002ad174 00000004 b aptMessageFuncData
002ad178 00001000 b aptParameters
002ae178 00000008 b aptReceiveEvent
002ae180 00000004 b aptRefCount
002ae184 00000008 b aptSleepEvent
002ae18c 00000001 b flagInit.1
002ae18d 00000001 b flagValue.0
002ae190 00000004 b serviceName.6
002ae194 00000006 b aVec
002ae19c 00000004 b cPos
002ae1a0 00000006 b gRate
002ae1a8 00000014 B hidEvents
002ae1bc 00000004 B hidHandle
002ae1c0 00000004 B hidMemHandle
002ae1c4 00000004 b hidRefCount
002ae1c8 00000004 B hidSharedMem
002ae1cc 00000004 b kDown
002ae1d0 00000004 b kHeld
002ae1d4 00000004 b kOld
002ae1d8 00000004 b kRepeat
002ae1dc 00000004 b kUp
002ae1e0 00000004 b tPos
002ae1e4 00000001 b usingIrrst
002ae1e8 00000080 b fsExemptArchives
002ae268 00000004 b fsuHandle
002ae26c 00000004 b fsuRefCount
002ae270 00000004 B __ctru_heap
002ae274 00000004 V __ctru_heap_size
002ae278 00000004 B __ctru_linear_heap
002ae27c 00000004 V __ctru_linear_heap_size
002ae280 00000004 B __system_retAddr
002ae284 00000004 B __system_argc
002ae288 00000004 B __system_argv
002ae28c b saved_stack
002ae294 0000000c b sAddrMap
002ae2a0 00000008 b sVramPool
002ae2a8 00000004 b arbiter
002ae2ac 00000001 V __ctru_speedup
002ae2b0 00000004 b srvHandle
002ae2b4 00000004 b srvRefCount
002ae2b8 00000004 b currentAddr
002ae2bc 00000004 b maxAddr
002ae2c0 00000004 b minAddr
002ae2c4 00000004 b csPos
002ae2c8 00000004 B irrstEvent
002ae2cc 00000004 B irrstHandle
002ae2d0 00000004 B irrstMemHandle
002ae2d4 00000004 b irrstRefCount
002ae2d8 00000004 B irrstSharedMem
002ae2dc 00000004 b kHeld
002ae2e0 00000004 b srvPmHandle
002ae2e4 00000004 b ptmSysmHandle
002ae2e8 00000004 b ptmSysmRefCount
002ae2ec 00000004 b archive_device_cwd
002ae2f0 00000540 b archive_devices
002ae830 00000001 b archive_initialized
002ae834 00000004 b SDL_initialized
002ae838 00000004 b ticks_started
002ae83c 00000400 b errmsg.0
002aec3c 00000004 B current_audio
002aec40 00000004 b format_idx
002aec44 00000004 b format_idx_sub
002aec48 00000004 b SDL_Threads
002aec50 00000308 b SDL_global_error
002aef58 00000004 b SDL_maxthreads
002aef5c 00000004 b SDL_numthreads
002aef60 00000004 b thread_lock
002aef64 00000004 B SDL_alarm_callback
002aef68 00000004 B SDL_alarm_interval
002aef6c 00000004 b SDL_timer_mutex
002aef70 00000004 B SDL_timer_running
002aef74 00000004 B SDL_timer_started
002aef78 00000004 b SDL_timer_threaded
002aef7c 00000004 b SDL_timers
002aef80 00000001 b list_changed
002aef84 00000004 B current_video
002aef88 00000004 B SDL_allocatedjoysticks
002aef8c 00000004 B SDL_joysticks
002aef90 00000001 B SDL_numjoysticks
002aef98 00000008 b g_startTicks
002aefa0 00000004 b g_audDev
002aefa4 00000008 b g_dspHook
002aefac 00000004 B key_press
002aefb0 00000004 B key_release
002aefb4 00000004 B old_cs_x
002aefb8 00000004 B old_cs_y
002aefbc 00000004 B old_x
002aefc0 00000004 B old_y
002aefc4 00000004 b RenderClearColor
002aefc8 00000004 B VideoSurface1
002aefcc 00000004 B VideoSurface2
002aefd0 00000008 B privateVideoThreadEvent
002aefd8 00000004 B privateVideoThreadHandle
002aefdc 00000014 b program
002aeff0 00000040 b projection
002af030 00000040 b projection2
002af070 00000001 B runThread
002af074 00000004 B setVideoModecount
002af078 00000018 b spritesheet_tex
002af090 00000004 b uLoc_projection
002af094 00000004 b vshader_dvlb
002af098 00000008 b SDL_EventLock
002af0a0 00000004 B SDL_EventOK
002af0a4 00000c14 b SDL_EventQ
002afcb8 00000004 b SDL_EventThread
002afcbc 00000020 B SDL_ProcessEvents
002afcdc 00000004 b SDL_eventstate
002afce0 00000004 b event_thread
002afce4 00000020 B SDL_KeyRepeat
002afd04 00000143 b SDL_KeyState
002afe48 00000002 b SDL_ModState
002afe4a 00000001 b SDL_NoLockKeys
002afe4c 00000004 B SDL_TranslateUNICODE
002afe50 0000050c b keynames
002b035c 00000001 b SDL_ButtonState
002b035e 00000002 b SDL_DeltaX
002b0360 00000002 b SDL_DeltaY
002b0362 00000002 b SDL_MouseMaxX
002b0364 00000002 b SDL_MouseMaxY
002b0366 00000002 b SDL_MouseX
002b0368 00000002 b SDL_MouseY
002b036c 00000004 B SDL_cursor
002b0370 00000004 B SDL_cursorlock
002b0374 00000004 b SDL_defcursor
002b0378 00000002 b pixels8
002b037c 00000004 b format_version.0
002b0380 00000001 b pushedQuit.0
002b0381 00000001 b SDL_appstate
002b0384 00000004 b pos_args_array
002b0388 00000004 b pos_args_global
002b038c 00000004 b position_channels
002b0390 00000004 B _Mix_effects_max_speed
002b0394 00000004 b audio_opened
002b0398 00000004 b channel_done_callback
002b039c 00000004 b chunk_decoders
002b03a0 00000004 b initialized
002b03a4 00000004 b mix_channel
002b03a8 00000004 b mix_postmix
002b03ac 00000004 b mix_postmix_data
002b03b0 00000018 b mixer
002b03c8 00000004 b music_data
002b03cc 00000004 b num_channels
002b03d0 00000004 b num_decoders
002b03d4 00000004 b posteffects
002b03d8 00000004 b ms_per_step
002b03dc 00000004 b music_decoders
002b03e0 00000004 b music_finished_hook
002b03e4 00000004 b music_loops
002b03e8 00000004 b music_playing
002b03ec 00000004 b music_stopped
002b03f0 00000004 b num_decoders
002b03f4 00000004 b samplesize
002b03f8 00000004 B soundfont_paths
002b03fc 00000004 b timidity_ok
002b0400 00000018 b used_mixer
002b0418 00000018 b mixer
002b0430 00000004 b music
002b0434 0000006c B mikmod
002b04a0 00000004 b current_output_channels
002b04a4 00000002 b current_output_format
002b04a8 00000004 b music_swap16
002b04ac 00000004 b music_swap8
002b04b0 00000004 B GM_System_On
002b04b4 00000004 B GS_System_On
002b04b8 00000004 B XG_System_On
002b04bc 00000004 B XG_System_chorus_type
002b04c0 00000004 B XG_System_reverb_type
002b04c4 00000004 B XG_System_variation_type
002b04c8 00000004 B adjust_panning_immediately
002b04cc 00000004 b buffer_pointer
002b04d0 00000004 b buffered_count
002b04d8 00000580 B channel
002b0a58 00000004 B control_ratio
002b0a5c 00000004 b current_event
002b0a60 00000004 b current_sample
002b0a64 00000004 b cut_notes
002b0a68 00000800 B drumchorusdepth
002b1268 00000800 B drumpanpot
002b1a68 00000800 B drumreverberation
002b2268 00000800 B drumvolume
002b2a68 00000004 b event_list
002b2a6c 00000004 b lost_notes
002b2a70 00000008 B master_volume
002b2a78 00000004 b midi_playing
002b2a7c 00000004 b sample_count
002b2a80 0001c800 B voice
002cf280 00000004 b at
002cf284 00000004 b curr_title_track
002cf288 00000004 b curr_track
002cf28c 00000004 b event_count
002cf290 00000004 b evlist
002cf294 00000001 b lastchan.4
002cf295 00000001 b laststatus.3
002cf298 00000401 B midi_name
002cf69c 00000004 b midi_port_number
002cf6a0 00000001 b nrpn.2
002cf6a4 00000004 B quietchannels
002cf6a8 00000010 b rpn_lsb.0
002cf6b8 00000010 b rpn_msb.1
002cf6c8 00000004 b rw
002cf6cc 00000004 b sample_correction
002cf6d0 00000004 b sample_increment
002cf6d4 00000004 b track_info
002cf6d8 00000004 B AUDIO_BUFFER_SIZE
002cf6dc 00000004 B common_buffer
002cf6e0 00000100 b def_instr_name
002cf7e0 00000004 B num_ochannels
002cf7e4 00000004 b rcf_count.0
002cf7e8 00000004 B resample_buffer
002cf7ec 00000004 B s32tobuf
002cf7f0 00000400 B timidity_error
002cfbf0 00000020 B vorbis
002cfc10 00000018 b mixer
002cfc28 00000400 B current_filename
002d0028 00000004 b pathlist
002d002c 00000004 B antialiasing_allowed
002d0030 00000004 B current_patch_memory
002d0034 00000004 B current_tune_number
002d0038 00000004 B default_instrument
002d003c 00000004 B default_program
002d0040 00000004 B fast_decay
002d0044 00000004 B last_tune_purged
002d0048 00001804 b standard_drumset
002d184c 00001804 b standard_tonebank
002d3050 00000004 b seq
002d3058 000002d0 B __C3D_Context
002d3328 0000000c b hookCookie
002d3338 00000010 b cpuTime
002d3348 00000004 b firstTarget
002d334c 00000008 b frameCounter
002d3354 00000004 b frameEndCb
002d3358 00000004 b frameEndCbData
002d3360 00000010 b gpuTime
002d3370 00000001 b inFrame
002d3371 00000001 b inSafeTransfer
002d3372 00000001 b isTopStereo
002d3374 00000004 b lastTarget
002d3378 0000000c b linkedTarget
002d3384 00000001 b measureGpuTime
002d3385 00000001 b needSwapBot
002d3386 00000001 b needSwapTop
002d3388 00000004 B C3D_BoolUnifs
002d338c 00000002 B C3D_BoolUnifsDirty
002d3390 00000c00 B C3D_FVUnif
002d3f90 000000c0 B C3D_FVUnifDirty
002d4050 00000020 B C3D_IVUnif
002d4070 00000008 B C3D_IVUnifDirty
002d4078 000000c0 b C3Di_FVUnifEverDirty
002d4138 00000008 b C3Di_IVUnifEverDirty
002d4140 00000018 b C3Di_ShaderFVecData
002d4158 00000004 b boundQueue
002d415c 00000004 b curQueue
002d4160 00000001 b isActive
002d4161 00000001 b isRunning
002d4162 00000001 b shouldStop
002d4164 00000004 B gpuCmdBuf
002d4168 00000004 B gpuCmdBufOffset
002d416c 00000004 B gpuCmdBufSize
002d4170 00000001 b bCancelReceived
002d4171 00000001 b bDspReady
002d4172 00000001 b bEnteringSleep
002d4173 00000001 b bSleeping
002d4174 00000004 b componentBin
002d4178 00000002 b componentDataMask
002d417a 00000001 b componentFree
002d417c 00000002 b componentProgMask
002d4180 00000004 b componentSize
002d4184 00000004 b droppedFrames
002d4188 00000004 b dspSem
002d418c 00001080 b dspVar5Backup
002d520c 00000004 b frameCount
002d5210 00000004 b irqEvent
002d5214 00000002 B ndspBufferCurId
002d5216 00000002 B ndspBufferId
002d5218 00000002 B ndspFrameId
002d521c 00000008 b ndspHookCookie
002d5224 00000048 b ndspMaster
002d526c 00000004 b ndspMutex
002d5270 00000004 b ndspRefCount
002d5274 00000004 b ndspThread
002d5278 00000001 b ndspThreadRun
002d527c 00000080 B ndspVars
002d52fc 00000008 b sleepEvent
002d5304 00000c60 b ndspChn
002d5f64 00000004 b cfguHandle
002d5f68 00000004 b cfguRefCount
002d5f6c 00000028 B __malloc_current_mallinfo
002d5f94 00000004 B __malloc_max_sbrked_mem
002d5f98 00000004 B __malloc_max_total_mem
002d5f9c 00000004 B __malloc_top_pad
002d5fa0 00000004 b initial_env
002d5fa4 00000004 b heap_start.0
002d5fa8 00000004 B fake_heap_end
002d5fac 00000004 B fake_heap_start
002d5fb0 00000400 b temp_cwd
002d63b0 00000048 B __syscalls
002d63f8 00000004 B modreader
002d63fc 00000140 B of
002d653c 00000040 B remap
002d657c 00000010 B filtermacros
002d658c 00000004 B filters
002d6590 00000200 B filtersettings
002d6790 00000002 B poslookupcnt
002d6792 00000001 B activemacro
002d6794 B __tls_start
002d73a8 B __bss_end__
002d73a8 A __end__
002d73a8 B __tls_end
